2013/09/27 08:06:04 [error] [php] Undefined variable: gridDataProvider (C:\wampNew\www\Monitoring\themes\bootstrap\views\site\index.php:37)
Stack trace:
#0 C:\wampNew\www\Monitoring\framework\web\CController.php(869): SiteController->renderFile()
#1 C:\wampNew\www\Monitoring\framework\web\CController.php(782): SiteController->renderPartial()
#2 C:\wampNew\www\Monitoring\protected\controllers\SiteController.php(32): SiteController->render()
#3 C:\wampNew\www\Monitoring\framework\web\actions\CInlineAction.php(49): SiteController->actionIndex()
#4 C:\wampNew\www\Monitoring\framework\web\CController.php(308): CInlineAction->runWithParams()
#5 C:\wampNew\www\Monitoring\framework\web\CController.php(286): SiteController->runAction()
#6 C:\wampNew\www\Monitoring\framework\web\CController.php(265): SiteController->runActionWithFilters()
#7 C:\wampNew\www\Monitoring\framework\web\CWebApplication.php(282): SiteController->run()
#8 C:\wampNew\www\Monitoring\framework\web\CWebApplication.php(141): CWebApplication->runController()
#9 C:\wampNew\www\Monitoring\framework\base\CApplication.php(180): CWebApplication->processRequest()
#10 C:\wampNew\www\Monitoring\index.php(13): CWebApplication->run()
REQUEST_URI=/Monitoring/index.php?r=site/index
in C:\wampNew\www\Monitoring\themes\bootstrap\views\site\index.php (37)
in C:\wampNew\www\Monitoring\protected\controllers\SiteController.php (32)
in C:\wampNew\www\Monitoring\index.php (13)
2013/09/27 08:06:31 [error] [php] Trying to get property of non-object (C:\wampNew\www\Monitoring\framework\base\CComponent.php(612) : eval()'d code:1)
Stack trace:
#0 C:\wampNew\www\Monitoring\framework\zii\widgets\grid\CButtonColumn.php(319): TbButtonColumn->renderButton()
#1 C:\wampNew\www\Monitoring\framework\zii\widgets\grid\CGridColumn.php(151): TbButtonColumn->renderDataCellContent()
#2 C:\wampNew\www\Monitoring\framework\zii\widgets\grid\CGridView.php(616): TbButtonColumn->renderDataCell()
#3 C:\wampNew\www\Monitoring\framework\zii\widgets\grid\CGridView.php(572): TbGridView->renderTableRow()
#4 C:\wampNew\www\Monitoring\framework\zii\widgets\grid\CGridView.php(482): TbGridView->renderTableBody()
#5 C:\wampNew\www\Monitoring\framework\zii\widgets\CBaseListView.php(167): TbGridView->renderItems()
#6 unknown(0): TbGridView->renderSection()
#7 C:\wampNew\www\Monitoring\framework\zii\widgets\CBaseListView.php(150): preg_replace_callback()
#8 C:\wampNew\www\Monitoring\framework\zii\widgets\CBaseListView.php(135): TbGridView->renderContent()
#9 C:\wampNew\www\Monitoring\framework\web\CBaseController.php(173): TbGridView->run()
#10 C:\wampNew\www\Monitoring\themes\bootstrap\views\site\index.php(49): SiteController->widget()
#11 C:\wampNew\www\Monitoring\framework\web\CBaseController.php(126): require()
#12 C:\wampNew\www\Monitoring\framework\web\CBaseController.php(95): SiteController->renderInternal()
#13 C:\wampNew\www\Monitoring\framework\web\CController.php(869): SiteController->renderFile()
#14 C:\wampNew\www\Monitoring\framework\web\CController.php(782): SiteController->renderPartial()
#15 C:\wampNew\www\Monitoring\protected\controllers\SiteController.php(32): SiteController->render()
#16 C:\wampNew\www\Monitoring\framework\web\actions\CInlineAction.php(49): SiteController->actionIndex()
#17 C:\wampNew\www\Monitoring\framework\web\CController.php(308): CInlineAction->runWithParams()
#18 C:\wampNew\www\Monitoring\framework\web\CController.php(286): SiteController->runAction()
#19 C:\wampNew\www\Monitoring\framework\web\CController.php(265): SiteController->runActionWithFilters()
#20 C:\wampNew\www\Monitoring\framework\web\CWebApplication.php(282): SiteController->run()
#21 C:\wampNew\www\Monitoring\framework\web\CWebApplication.php(141): CWebApplication->runController()
#22 C:\wampNew\www\Monitoring\framework\base\CApplication.php(180): CWebApplication->processRequest()
#23 C:\wampNew\www\Monitoring\index.php(13): CWebApplication->run()
REQUEST_URI=/Monitoring/index.php?r=site/index
in C:\wampNew\www\Monitoring\protected\extensions\bootstrap\widgets\TbButtonColumn.php (60)
in C:\wampNew\www\Monitoring\themes\bootstrap\views\site\index.php (49)
in C:\wampNew\www\Monitoring\protected\controllers\SiteController.php (32)
2013/09/27 08:08:13 [error] [php] Trying to get property of non-object (C:\wampNew\www\Monitoring\framework\base\CComponent.php(612) : eval()'d code:1)
Stack trace:
#0 C:\wampNew\www\Monitoring\framework\zii\widgets\grid\CButtonColumn.php(319): TbButtonColumn->renderButton()
#1 C:\wampNew\www\Monitoring\framework\zii\widgets\grid\CGridColumn.php(151): TbButtonColumn->renderDataCellContent()
#2 C:\wampNew\www\Monitoring\framework\zii\widgets\grid\CGridView.php(616): TbButtonColumn->renderDataCell()
#3 C:\wampNew\www\Monitoring\framework\zii\widgets\grid\CGridView.php(572): TbGridView->renderTableRow()
#4 C:\wampNew\www\Monitoring\framework\zii\widgets\grid\CGridView.php(482): TbGridView->renderTableBody()
#5 C:\wampNew\www\Monitoring\framework\zii\widgets\CBaseListView.php(167): TbGridView->renderItems()
#6 unknown(0): TbGridView->renderSection()
#7 C:\wampNew\www\Monitoring\framework\zii\widgets\CBaseListView.php(150): preg_replace_callback()
#8 C:\wampNew\www\Monitoring\framework\zii\widgets\CBaseListView.php(135): TbGridView->renderContent()
#9 C:\wampNew\www\Monitoring\framework\web\CBaseController.php(173): TbGridView->run()
#10 C:\wampNew\www\Monitoring\themes\bootstrap\views\site\index.php(49): SiteController->widget()
#11 C:\wampNew\www\Monitoring\framework\web\CBaseController.php(126): require()
#12 C:\wampNew\www\Monitoring\framework\web\CBaseController.php(95): SiteController->renderInternal()
#13 C:\wampNew\www\Monitoring\framework\web\CController.php(869): SiteController->renderFile()
#14 C:\wampNew\www\Monitoring\framework\web\CController.php(782): SiteController->renderPartial()
#15 C:\wampNew\www\Monitoring\protected\controllers\SiteController.php(32): SiteController->render()
#16 C:\wampNew\www\Monitoring\framework\web\actions\CInlineAction.php(49): SiteController->actionIndex()
#17 C:\wampNew\www\Monitoring\framework\web\CController.php(308): CInlineAction->runWithParams()
#18 C:\wampNew\www\Monitoring\framework\web\CController.php(286): SiteController->runAction()
#19 C:\wampNew\www\Monitoring\framework\web\CController.php(265): SiteController->runActionWithFilters()
#20 C:\wampNew\www\Monitoring\framework\web\CWebApplication.php(282): SiteController->run()
#21 C:\wampNew\www\Monitoring\framework\web\CWebApplication.php(141): CWebApplication->runController()
#22 C:\wampNew\www\Monitoring\framework\base\CApplication.php(180): CWebApplication->processRequest()
#23 C:\wampNew\www\Monitoring\index.php(13): CWebApplication->run()
REQUEST_URI=/Monitoring/index.php?r=site/index
in C:\wampNew\www\Monitoring\protected\extensions\bootstrap\widgets\TbButtonColumn.php (60)
in C:\wampNew\www\Monitoring\themes\bootstrap\views\site\index.php (49)
in C:\wampNew\www\Monitoring\protected\controllers\SiteController.php (32)
2013/09/27 08:08:25 [error] [php] Trying to get property of non-object (C:\wampNew\www\Monitoring\framework\base\CComponent.php(612) : eval()'d code:1)
Stack trace:
#0 C:\wampNew\www\Monitoring\framework\zii\widgets\grid\CButtonColumn.php(319): TbButtonColumn->renderButton()
#1 C:\wampNew\www\Monitoring\framework\zii\widgets\grid\CGridColumn.php(151): TbButtonColumn->renderDataCellContent()
#2 C:\wampNew\www\Monitoring\framework\zii\widgets\grid\CGridView.php(616): TbButtonColumn->renderDataCell()
#3 C:\wampNew\www\Monitoring\framework\zii\widgets\grid\CGridView.php(572): TbGridView->renderTableRow()
#4 C:\wampNew\www\Monitoring\framework\zii\widgets\grid\CGridView.php(482): TbGridView->renderTableBody()
#5 C:\wampNew\www\Monitoring\framework\zii\widgets\CBaseListView.php(167): TbGridView->renderItems()
#6 unknown(0): TbGridView->renderSection()
#7 C:\wampNew\www\Monitoring\framework\zii\widgets\CBaseListView.php(150): preg_replace_callback()
#8 C:\wampNew\www\Monitoring\framework\zii\widgets\CBaseListView.php(135): TbGridView->renderContent()
#9 C:\wampNew\www\Monitoring\framework\web\CBaseController.php(173): TbGridView->run()
#10 C:\wampNew\www\Monitoring\themes\bootstrap\views\site\index.php(48): SiteController->widget()
#11 C:\wampNew\www\Monitoring\framework\web\CBaseController.php(126): require()
#12 C:\wampNew\www\Monitoring\framework\web\CBaseController.php(95): SiteController->renderInternal()
#13 C:\wampNew\www\Monitoring\framework\web\CController.php(869): SiteController->renderFile()
#14 C:\wampNew\www\Monitoring\framework\web\CController.php(782): SiteController->renderPartial()
#15 C:\wampNew\www\Monitoring\protected\controllers\SiteController.php(32): SiteController->render()
#16 C:\wampNew\www\Monitoring\framework\web\actions\CInlineAction.php(49): SiteController->actionIndex()
#17 C:\wampNew\www\Monitoring\framework\web\CController.php(308): CInlineAction->runWithParams()
#18 C:\wampNew\www\Monitoring\framework\web\CController.php(286): SiteController->runAction()
#19 C:\wampNew\www\Monitoring\framework\web\CController.php(265): SiteController->runActionWithFilters()
#20 C:\wampNew\www\Monitoring\framework\web\CWebApplication.php(282): SiteController->run()
#21 C:\wampNew\www\Monitoring\framework\web\CWebApplication.php(141): CWebApplication->runController()
#22 C:\wampNew\www\Monitoring\framework\base\CApplication.php(180): CWebApplication->processRequest()
#23 C:\wampNew\www\Monitoring\index.php(13): CWebApplication->run()
REQUEST_URI=/Monitoring/index.php?r=site/index
in C:\wampNew\www\Monitoring\protected\extensions\bootstrap\widgets\TbButtonColumn.php (60)
in C:\wampNew\www\Monitoring\themes\bootstrap\views\site\index.php (48)
in C:\wampNew\www\Monitoring\protected\controllers\SiteController.php (32)
2013/09/27 08:08:52 [error] [php] Trying to get property of non-object (C:\wampNew\www\Monitoring\framework\base\CComponent.php(612) : eval()'d code:1)
Stack trace:
#0 C:\wampNew\www\Monitoring\framework\zii\widgets\grid\CButtonColumn.php(319): TbButtonColumn->renderButton()
#1 C:\wampNew\www\Monitoring\framework\zii\widgets\grid\CGridColumn.php(151): TbButtonColumn->renderDataCellContent()
#2 C:\wampNew\www\Monitoring\framework\zii\widgets\grid\CGridView.php(616): TbButtonColumn->renderDataCell()
#3 C:\wampNew\www\Monitoring\framework\zii\widgets\grid\CGridView.php(572): TbGridView->renderTableRow()
#4 C:\wampNew\www\Monitoring\framework\zii\widgets\grid\CGridView.php(482): TbGridView->renderTableBody()
#5 C:\wampNew\www\Monitoring\framework\zii\widgets\CBaseListView.php(167): TbGridView->renderItems()
#6 unknown(0): TbGridView->renderSection()
#7 C:\wampNew\www\Monitoring\framework\zii\widgets\CBaseListView.php(150): preg_replace_callback()
#8 C:\wampNew\www\Monitoring\framework\zii\widgets\CBaseListView.php(135): TbGridView->renderContent()
#9 C:\wampNew\www\Monitoring\framework\web\CBaseController.php(173): TbGridView->run()
#10 C:\wampNew\www\Monitoring\themes\bootstrap\views\site\index.php(47): SiteController->widget()
#11 C:\wampNew\www\Monitoring\framework\web\CBaseController.php(126): require()
#12 C:\wampNew\www\Monitoring\framework\web\CBaseController.php(95): SiteController->renderInternal()
#13 C:\wampNew\www\Monitoring\framework\web\CController.php(869): SiteController->renderFile()
#14 C:\wampNew\www\Monitoring\framework\web\CController.php(782): SiteController->renderPartial()
#15 C:\wampNew\www\Monitoring\protected\controllers\SiteController.php(32): SiteController->render()
#16 C:\wampNew\www\Monitoring\framework\web\actions\CInlineAction.php(49): SiteController->actionIndex()
#17 C:\wampNew\www\Monitoring\framework\web\CController.php(308): CInlineAction->runWithParams()
#18 C:\wampNew\www\Monitoring\framework\web\CController.php(286): SiteController->runAction()
#19 C:\wampNew\www\Monitoring\framework\web\CController.php(265): SiteController->runActionWithFilters()
#20 C:\wampNew\www\Monitoring\framework\web\CWebApplication.php(282): SiteController->run()
#21 C:\wampNew\www\Monitoring\framework\web\CWebApplication.php(141): CWebApplication->runController()
#22 C:\wampNew\www\Monitoring\framework\base\CApplication.php(180): CWebApplication->processRequest()
#23 C:\wampNew\www\Monitoring\index.php(13): CWebApplication->run()
REQUEST_URI=/Monitoring/index.php?r=site/index
in C:\wampNew\www\Monitoring\protected\extensions\bootstrap\widgets\TbButtonColumn.php (60)
in C:\wampNew\www\Monitoring\themes\bootstrap\views\site\index.php (47)
in C:\wampNew\www\Monitoring\protected\controllers\SiteController.php (32)
2013/09/27 08:33:42 [error] [exception.CHttpException.404] exception 'CHttpException' with message 'The system is unable to find the requested action "Autentification".' in C:\wampNew\www\Monitoring\framework\web\CController.php:483
Stack trace:
#0 C:\wampNew\www\Monitoring\framework\web\CController.php(270): CController->missingAction('Autentification')
#1 C:\wampNew\www\Monitoring\framework\web\CWebApplication.php(282): CController->run('Autentification')
#2 C:\wampNew\www\Monitoring\framework\web\CWebApplication.php(141): CWebApplication->runController('site/Autentific...')
#3 C:\wampNew\www\Monitoring\framework\base\CApplication.php(180): CWebApplication->processRequest()
#4 C:\wampNew\www\Monitoring\index.php(13): CApplication->run()
#5 {main}
REQUEST_URI=/Monitoring/index.php?r=site/Autentification
---
2013/09/27 08:34:42 [error] [exception.CHttpException.404] exception 'CHttpException' with message 'The system is unable to find the requested action "Autentification".' in C:\wampNew\www\Monitoring\framework\web\CController.php:483
Stack trace:
#0 C:\wampNew\www\Monitoring\framework\web\CController.php(270): CController->missingAction('Autentification')
#1 C:\wampNew\www\Monitoring\framework\web\CWebApplication.php(282): CController->run('Autentification')
#2 C:\wampNew\www\Monitoring\framework\web\CWebApplication.php(141): CWebApplication->runController('site/Autentific...')
#3 C:\wampNew\www\Monitoring\framework\base\CApplication.php(180): CWebApplication->processRequest()
#4 C:\wampNew\www\Monitoring\index.php(13): CApplication->run()
#5 {main}
REQUEST_URI=/Monitoring/index.php?r=site/Autentification
---
2013/09/27 08:34:44 [error] [exception.CHttpException.404] exception 'CHttpException' with message 'The system is unable to find the requested action "Autentification".' in C:\wampNew\www\Monitoring\framework\web\CController.php:483
Stack trace:
#0 C:\wampNew\www\Monitoring\framework\web\CController.php(270): CController->missingAction('Autentification')
#1 C:\wampNew\www\Monitoring\framework\web\CWebApplication.php(282): CController->run('Autentification')
#2 C:\wampNew\www\Monitoring\framework\web\CWebApplication.php(141): CWebApplication->runController('site/Autentific...')
#3 C:\wampNew\www\Monitoring\framework\base\CApplication.php(180): CWebApplication->processRequest()
#4 C:\wampNew\www\Monitoring\index.php(13): CApplication->run()
#5 {main}
REQUEST_URI=/Monitoring/index.php?r=site/Autentification
---
2013/09/27 08:35:22 [error] [exception.CException] exception 'CException' with message 'SiteController cannot find the requested view "Autentification".' in C:\wampNew\www\Monitoring\framework\web\CController.php:878
Stack trace:
#0 C:\wampNew\www\Monitoring\framework\web\CController.php(782): CController->renderPartial('Autentification', NULL, true)
#1 C:\wampNew\www\Monitoring\protected\controllers\SiteController.php(38): CController->render('Autentification')
#2 C:\wampNew\www\Monitoring\framework\web\actions\CInlineAction.php(49): SiteController->actionAutentification()
#3 C:\wampNew\www\Monitoring\framework\web\CController.php(308): CInlineAction->runWithParams(Array)
#4 C:\wampNew\www\Monitoring\framework\web\CController.php(286): CController->runAction(Object(CInlineAction))
#5 C:\wampNew\www\Monitoring\framework\web\CController.php(265): CController->runActionWithFilters(Object(CInlineAction), Array)
#6 C:\wampNew\www\Monitoring\framework\web\CWebApplication.php(282): CController->run('Autentification')
#7 C:\wampNew\www\Monitoring\framework\web\CWebApplication.php(141): CWebApplication->runController('site/Autentific...')
#8 C:\wampNew\www\Monitoring\framework\base\CApplication.php(180): CWebApplication->processRequest()
#9 C:\wampNew\www\Monitoring\index.php(13): CApplication->run()
#10 {main}
REQUEST_URI=/Monitoring/index.php?r=site/Autentification
---
2013/09/27 08:35:40 [error] [php] Undefined variable: model (C:\wampNew\www\Monitoring\themes\bootstrap\views\site\Autentification.php:16)
Stack trace:
#0 C:\wampNew\www\Monitoring\framework\web\CController.php(869): SiteController->renderFile()
#1 C:\wampNew\www\Monitoring\framework\web\CController.php(782): SiteController->renderPartial()
#2 C:\wampNew\www\Monitoring\protected\controllers\SiteController.php(38): SiteController->render()
#3 C:\wampNew\www\Monitoring\framework\web\actions\CInlineAction.php(49): SiteController->actionAutentification()
#4 C:\wampNew\www\Monitoring\framework\web\CController.php(308): CInlineAction->runWithParams()
#5 C:\wampNew\www\Monitoring\framework\web\CController.php(286): SiteController->runAction()
#6 C:\wampNew\www\Monitoring\framework\web\CController.php(265): SiteController->runActionWithFilters()
#7 C:\wampNew\www\Monitoring\framework\web\CWebApplication.php(282): SiteController->run()
#8 C:\wampNew\www\Monitoring\framework\web\CWebApplication.php(141): CWebApplication->runController()
#9 C:\wampNew\www\Monitoring\framework\base\CApplication.php(180): CWebApplication->processRequest()
#10 C:\wampNew\www\Monitoring\index.php(13): CWebApplication->run()
REQUEST_URI=/Monitoring/index.php?r=site/Autentification
in C:\wampNew\www\Monitoring\themes\bootstrap\views\site\Autentification.php (16)
in C:\wampNew\www\Monitoring\protected\controllers\SiteController.php (38)
in C:\wampNew\www\Monitoring\index.php (13)
2013/09/27 08:37:58 [error] [exception.CException] exception 'CException' with message 'Property "ContactForm.textField" is not defined.' in C:\wampNew\www\Monitoring\framework\base\CComponent.php:130
Stack trace:
#0 C:\wampNew\www\Monitoring\framework\web\helpers\CHtml.php(2529): CComponent->__get('textField')
#1 C:\wampNew\www\Monitoring\framework\web\helpers\CHtml.php(2252): CHtml::resolveValue(Object(ContactForm), 'textField')
#2 C:\wampNew\www\Monitoring\framework\web\helpers\CHtml.php(1434): CHtml::activeInputField('text', Object(ContactForm), 'textField', Array)
#3 C:\wampNew\www\Monitoring\framework\web\widgets\CActiveForm.php(725): CHtml::activeTextField(Object(ContactForm), 'textField', Array)
#4 C:\wampNew\www\Monitoring\protected\extensions\bootstrap\widgets\input\TbInputVertical.php(142): CActiveForm->textField(Object(ContactForm), 'textField', Array)
#5 C:\wampNew\www\Monitoring\protected\extensions\bootstrap\widgets\input\TbInput.php(230): TbInputVertical->textField()
#6 C:\wampNew\www\Monitoring\framework\web\CBaseController.php(173): TbInput->run()
#7 C:\wampNew\www\Monitoring\protected\extensions\bootstrap\widgets\TbActiveForm.php(497): CBaseController->widget('bootstrap.widge...', Array)
#8 C:\wampNew\www\Monitoring\protected\extensions\bootstrap\widgets\TbActiveForm.php(186): TbActiveForm->inputRow('text', Object(ContactForm), 'textField', NULL, Array)
#9 C:\wampNew\www\Monitoring\themes\bootstrap\views\site\Autentification.php(18): TbActiveForm->textFieldRow(Object(ContactForm), 'textField', Array)
#10 C:\wampNew\www\Monitoring\framework\web\CBaseController.php(126): require('C:\wampNew\www\...')
#11 C:\wampNew\www\Monitoring\framework\web\CBaseController.php(95): CBaseController->renderInternal('C:\wampNew\www\...', Array, true)
#12 C:\wampNew\www\Monitoring\framework\web\CController.php(869): CBaseController->renderFile('C:\wampNew\www\...', Array, true)
#13 C:\wampNew\www\Monitoring\framework\web\CController.php(782): CController->renderPartial('Autentification', Array, true)
#14 C:\wampNew\www\Monitoring\protected\controllers\SiteController.php(41): CController->render('Autentification', Array)
#15 C:\wampNew\www\Monitoring\framework\web\actions\CInlineAction.php(49): SiteController->actionAutentification()
#16 C:\wampNew\www\Monitoring\framework\web\CController.php(308): CInlineAction->runWithParams(Array)
#17 C:\wampNew\www\Monitoring\framework\web\CController.php(286): CController->runAction(Object(CInlineAction))
#18 C:\wampNew\www\Monitoring\framework\web\CController.php(265): CController->runActionWithFilters(Object(CInlineAction), Array)
#19 C:\wampNew\www\Monitoring\framework\web\CWebApplication.php(282): CController->run('Autentification')
#20 C:\wampNew\www\Monitoring\framework\web\CWebApplication.php(141): CWebApplication->runController('site/Autentific...')
#21 C:\wampNew\www\Monitoring\framework\base\CApplication.php(180): CWebApplication->processRequest()
#22 C:\wampNew\www\Monitoring\index.php(13): CApplication->run()
#23 {main}
REQUEST_URI=/Monitoring/index.php?r=site/Autentification
---
2013/09/27 08:38:57 [error] [exception.CException] exception 'CException' with message 'Property "ContactForm.password" is not defined.' in C:\wampNew\www\Monitoring\framework\base\CComponent.php:130
Stack trace:
#0 C:\wampNew\www\Monitoring\framework\web\helpers\CHtml.php(2529): CComponent->__get('password')
#1 C:\wampNew\www\Monitoring\framework\web\helpers\CHtml.php(2252): CHtml::resolveValue(Object(ContactForm), 'password')
#2 C:\wampNew\www\Monitoring\framework\web\helpers\CHtml.php(1628): CHtml::activeInputField('password', Object(ContactForm), 'password', Array)
#3 C:\wampNew\www\Monitoring\framework\web\widgets\CActiveForm.php(771): CHtml::activePasswordField(Object(ContactForm), 'password', Array)
#4 C:\wampNew\www\Monitoring\protected\extensions\bootstrap\widgets\input\TbInputVertical.php(83): CActiveForm->passwordField(Object(ContactForm), 'password', Array)
#5 C:\wampNew\www\Monitoring\protected\extensions\bootstrap\widgets\input\TbInput.php(209): TbInputVertical->passwordField()
#6 C:\wampNew\www\Monitoring\framework\web\CBaseController.php(173): TbInput->run()
#7 C:\wampNew\www\Monitoring\protected\extensions\bootstrap\widgets\TbActiveForm.php(497): CBaseController->widget('bootstrap.widge...', Array)
#8 C:\wampNew\www\Monitoring\protected\extensions\bootstrap\widgets\TbActiveForm.php(136): TbActiveForm->inputRow('password', Object(ContactForm), 'password', NULL, Array)
#9 C:\wampNew\www\Monitoring\themes\bootstrap\views\site\Autentification.php(19): TbActiveForm->passwordFieldRow(Object(ContactForm), 'password', Array)
#10 C:\wampNew\www\Monitoring\framework\web\CBaseController.php(126): require('C:\wampNew\www\...')
#11 C:\wampNew\www\Monitoring\framework\web\CBaseController.php(95): CBaseController->renderInternal('C:\wampNew\www\...', Array, true)
#12 C:\wampNew\www\Monitoring\framework\web\CController.php(869): CBaseController->renderFile('C:\wampNew\www\...', Array, true)
#13 C:\wampNew\www\Monitoring\framework\web\CController.php(782): CController->renderPartial('Autentification', Array, true)
#14 C:\wampNew\www\Monitoring\protected\controllers\SiteController.php(41): CController->render('Autentification', Array)
#15 C:\wampNew\www\Monitoring\framework\web\actions\CInlineAction.php(49): SiteController->actionAutentification()
#16 C:\wampNew\www\Monitoring\framework\web\CController.php(308): CInlineAction->runWithParams(Array)
#17 C:\wampNew\www\Monitoring\framework\web\CController.php(286): CController->runAction(Object(CInlineAction))
#18 C:\wampNew\www\Monitoring\framework\web\CController.php(265): CController->runActionWithFilters(Object(CInlineAction), Array)
#19 C:\wampNew\www\Monitoring\framework\web\CWebApplication.php(282): CController->run('Autentification')
#20 C:\wampNew\www\Monitoring\framework\web\CWebApplication.php(141): CWebApplication->runController('site/Autentific...')
#21 C:\wampNew\www\Monitoring\framework\base\CApplication.php(180): CWebApplication->processRequest()
#22 C:\wampNew\www\Monitoring\index.php(13): CApplication->run()
#23 {main}
REQUEST_URI=/Monitoring/index.php?r=site/Autentification
---
2013/09/27 08:39:24 [error] [exception.CException] exception 'CException' with message 'Property "ContactForm.checkbox" is not defined.' in C:\wampNew\www\Monitoring\framework\base\CComponent.php:130
Stack trace:
#0 C:\wampNew\www\Monitoring\framework\web\helpers\CHtml.php(2529): CComponent->__get('checkbox')
#1 C:\wampNew\www\Monitoring\framework\web\helpers\CHtml.php(1743): CHtml::resolveValue(Object(ContactForm), 'checkbox')
#2 C:\wampNew\www\Monitoring\framework\web\widgets\CActiveForm.php(831): CHtml::activeCheckBox(Object(ContactForm), 'checkbox', Array)
#3 C:\wampNew\www\Monitoring\protected\extensions\bootstrap\widgets\input\TbInputVertical.php(26): CActiveForm->checkBox(Object(ContactForm), 'checkbox', Array)
#4 C:\wampNew\www\Monitoring\protected\extensions\bootstrap\widgets\input\TbInput.php(189): TbInputVertical->checkBox()
#5 C:\wampNew\www\Monitoring\framework\web\CBaseController.php(173): TbInput->run()
#6 C:\wampNew\www\Monitoring\protected\extensions\bootstrap\widgets\TbActiveForm.php(497): CBaseController->widget('bootstrap.widge...', Array)
#7 C:\wampNew\www\Monitoring\protected\extensions\bootstrap\widgets\TbActiveForm.php(73): TbActiveForm->inputRow('checkbox', Object(ContactForm), 'checkbox', NULL, Array)
#8 C:\wampNew\www\Monitoring\themes\bootstrap\views\site\Autentification.php(20): TbActiveForm->checkBoxRow(Object(ContactForm), 'checkbox')
#9 C:\wampNew\www\Monitoring\framework\web\CBaseController.php(126): require('C:\wampNew\www\...')
#10 C:\wampNew\www\Monitoring\framework\web\CBaseController.php(95): CBaseController->renderInternal('C:\wampNew\www\...', Array, true)
#11 C:\wampNew\www\Monitoring\framework\web\CController.php(869): CBaseController->renderFile('C:\wampNew\www\...', Array, true)
#12 C:\wampNew\www\Monitoring\framework\web\CController.php(782): CController->renderPartial('Autentification', Array, true)
#13 C:\wampNew\www\Monitoring\protected\controllers\SiteController.php(41): CController->render('Autentification', Array)
#14 C:\wampNew\www\Monitoring\framework\web\actions\CInlineAction.php(49): SiteController->actionAutentification()
#15 C:\wampNew\www\Monitoring\framework\web\CController.php(308): CInlineAction->runWithParams(Array)
#16 C:\wampNew\www\Monitoring\framework\web\CController.php(286): CController->runAction(Object(CInlineAction))
#17 C:\wampNew\www\Monitoring\framework\web\CController.php(265): CController->runActionWithFilters(Object(CInlineAction), Array)
#18 C:\wampNew\www\Monitoring\framework\web\CWebApplication.php(282): CController->run('Autentification')
#19 C:\wampNew\www\Monitoring\framework\web\CWebApplication.php(141): CWebApplication->runController('site/Autentific...')
#20 C:\wampNew\www\Monitoring\framework\base\CApplication.php(180): CWebApplication->processRequest()
#21 C:\wampNew\www\Monitoring\index.php(13): CApplication->run()
#22 {main}
REQUEST_URI=/Monitoring/index.php?r=site/Autentification
---
2013/09/27 12:00:38 [error] [exception.CException] exception 'CException' with message 'SiteController cannot find the requested view "Autentification_main/Autentification".' in C:\wampNew\www\Monitoring\framework\web\CController.php:878
Stack trace:
#0 C:\wampNew\www\Monitoring\framework\web\CController.php(782): CController->renderPartial('Autentification...', Array, true)
#1 C:\wampNew\www\Monitoring\protected\controllers\SiteController.php(41): CController->render('Autentification...', Array)
#2 C:\wampNew\www\Monitoring\framework\web\actions\CInlineAction.php(49): SiteController->actionAutentification()
#3 C:\wampNew\www\Monitoring\framework\web\CController.php(308): CInlineAction->runWithParams(Array)
#4 C:\wampNew\www\Monitoring\framework\web\CController.php(286): CController->runAction(Object(CInlineAction))
#5 C:\wampNew\www\Monitoring\framework\web\CController.php(265): CController->runActionWithFilters(Object(CInlineAction), Array)
#6 C:\wampNew\www\Monitoring\framework\web\CWebApplication.php(282): CController->run('Autentification')
#7 C:\wampNew\www\Monitoring\framework\web\CWebApplication.php(141): CWebApplication->runController('site/Autentific...')
#8 C:\wampNew\www\Monitoring\framework\base\CApplication.php(180): CWebApplication->processRequest()
#9 C:\wampNew\www\Monitoring\index.php(13): CApplication->run()
#10 {main}
REQUEST_URI=/Monitoring/index.php?r=site/Autentification
---
2013/09/27 12:00:49 [error] [exception.CException] exception 'CException' with message 'SiteController cannot find the requested view "./Autentification_main/Autentification".' in C:\wampNew\www\Monitoring\framework\web\CController.php:878
Stack trace:
#0 C:\wampNew\www\Monitoring\framework\web\CController.php(782): CController->renderPartial('./Autentificati...', Array, true)
#1 C:\wampNew\www\Monitoring\protected\controllers\SiteController.php(41): CController->render('./Autentificati...', Array)
#2 C:\wampNew\www\Monitoring\framework\web\actions\CInlineAction.php(49): SiteController->actionAutentification()
#3 C:\wampNew\www\Monitoring\framework\web\CController.php(308): CInlineAction->runWithParams(Array)
#4 C:\wampNew\www\Monitoring\framework\web\CController.php(286): CController->runAction(Object(CInlineAction))
#5 C:\wampNew\www\Monitoring\framework\web\CController.php(265): CController->runActionWithFilters(Object(CInlineAction), Array)
#6 C:\wampNew\www\Monitoring\framework\web\CWebApplication.php(282): CController->run('Autentification')
#7 C:\wampNew\www\Monitoring\framework\web\CWebApplication.php(141): CWebApplication->runController('site/Autentific...')
#8 C:\wampNew\www\Monitoring\framework\base\CApplication.php(180): CWebApplication->processRequest()
#9 C:\wampNew\www\Monitoring\index.php(13): CApplication->run()
#10 {main}
REQUEST_URI=/Monitoring/index.php?r=site/Autentification
---
2013/09/27 12:08:00 [error] [exception.CException] exception 'CException' with message 'SiteController cannot find the requested view "column2".' in C:\wampNew\www\Monitoring\framework\web\CController.php:878
Stack trace:
#0 C:\wampNew\www\Monitoring\framework\web\CController.php(782): CController->renderPartial('column2', Array, true)
#1 C:\wampNew\www\Monitoring\protected\controllers\SiteController.php(41): CController->render('column2', Array)
#2 C:\wampNew\www\Monitoring\framework\web\actions\CInlineAction.php(49): SiteController->actionAutentification()
#3 C:\wampNew\www\Monitoring\framework\web\CController.php(308): CInlineAction->runWithParams(Array)
#4 C:\wampNew\www\Monitoring\framework\web\CController.php(286): CController->runAction(Object(CInlineAction))
#5 C:\wampNew\www\Monitoring\framework\web\CController.php(265): CController->runActionWithFilters(Object(CInlineAction), Array)
#6 C:\wampNew\www\Monitoring\framework\web\CWebApplication.php(282): CController->run('Autentification')
#7 C:\wampNew\www\Monitoring\framework\web\CWebApplication.php(141): CWebApplication->runController('site/Autentific...')
#8 C:\wampNew\www\Monitoring\framework\base\CApplication.php(180): CWebApplication->processRequest()
#9 C:\wampNew\www\Monitoring\index.php(13): CApplication->run()
#10 {main}
REQUEST_URI=/Monitoring/index.php?r=site/Autentification
---
2013/09/27 12:19:34 [error] [exception.CException] exception 'CException' with message 'SiteController cannot find the requested view "Autentification_main/Autentification".' in C:\wampNew\www\Monitoring\framework\web\CController.php:878
Stack trace:
#0 C:\wampNew\www\Monitoring\protected\controllers\SiteController.php(41): CController->renderPartial('Autentification...', Array)
#1 C:\wampNew\www\Monitoring\framework\web\actions\CInlineAction.php(49): SiteController->actionAutentification()
#2 C:\wampNew\www\Monitoring\framework\web\CController.php(308): CInlineAction->runWithParams(Array)
#3 C:\wampNew\www\Monitoring\framework\web\CController.php(286): CController->runAction(Object(CInlineAction))
#4 C:\wampNew\www\Monitoring\framework\web\CController.php(265): CController->runActionWithFilters(Object(CInlineAction), Array)
#5 C:\wampNew\www\Monitoring\framework\web\CWebApplication.php(282): CController->run('Autentification')
#6 C:\wampNew\www\Monitoring\framework\web\CWebApplication.php(141): CWebApplication->runController('site/Autentific...')
#7 C:\wampNew\www\Monitoring\framework\base\CApplication.php(180): CWebApplication->processRequest()
#8 C:\wampNew\www\Monitoring\index.php(13): CApplication->run()
#9 {main}
REQUEST_URI=/Monitoring/index.php?r=site/Autentification
---
2013/09/27 12:20:03 [error] [exception.CException] exception 'CException' with message 'SiteController cannot find the requested view "../Autentification".' in C:\wampNew\www\Monitoring\framework\web\CController.php:878
Stack trace:
#0 C:\wampNew\www\Monitoring\protected\controllers\SiteController.php(41): CController->renderPartial('../Autentificat...', Array)
#1 C:\wampNew\www\Monitoring\framework\web\actions\CInlineAction.php(49): SiteController->actionAutentification()
#2 C:\wampNew\www\Monitoring\framework\web\CController.php(308): CInlineAction->runWithParams(Array)
#3 C:\wampNew\www\Monitoring\framework\web\CController.php(286): CController->runAction(Object(CInlineAction))
#4 C:\wampNew\www\Monitoring\framework\web\CController.php(265): CController->runActionWithFilters(Object(CInlineAction), Array)
#5 C:\wampNew\www\Monitoring\framework\web\CWebApplication.php(282): CController->run('Autentification')
#6 C:\wampNew\www\Monitoring\framework\web\CWebApplication.php(141): CWebApplication->runController('site/Autentific...')
#7 C:\wampNew\www\Monitoring\framework\base\CApplication.php(180): CWebApplication->processRequest()
#8 C:\wampNew\www\Monitoring\index.php(13): CApplication->run()
#9 {main}
REQUEST_URI=/Monitoring/index.php?r=site/Autentification
---
2013/09/30 08:48:42 [error] [exception.CException] exception 'CException' with message 'SiteController cannot find the requested view "../Autentification".' in C:\wampNew\www\Monitoring\framework\web\CController.php:878
Stack trace:
#0 C:\wampNew\www\Monitoring\protected\controllers\SiteController.php(41): CController->renderPartial('../Autentificat...', Array)
#1 C:\wampNew\www\Monitoring\framework\web\actions\CInlineAction.php(49): SiteController->actionAutentification()
#2 C:\wampNew\www\Monitoring\framework\web\CController.php(308): CInlineAction->runWithParams(Array)
#3 C:\wampNew\www\Monitoring\framework\web\CController.php(286): CController->runAction(Object(CInlineAction))
#4 C:\wampNew\www\Monitoring\framework\web\CController.php(265): CController->runActionWithFilters(Object(CInlineAction), Array)
#5 C:\wampNew\www\Monitoring\framework\web\CWebApplication.php(282): CController->run('Autentification')
#6 C:\wampNew\www\Monitoring\framework\web\CWebApplication.php(141): CWebApplication->runController('site/Autentific...')
#7 C:\wampNew\www\Monitoring\framework\base\CApplication.php(180): CWebApplication->processRequest()
#8 C:\wampNew\www\Monitoring\index.php(13): CApplication->run()
#9 {main}
REQUEST_URI=/Monitoring/site/Autentification
---
2013/09/30 08:49:37 [error] [exception.CException] exception 'CException' with message 'SiteController and its behaviors do not have a method or closure named "layout".' in C:\wampNew\www\Monitoring\framework\base\CComponent.php:266
Stack trace:
#0 C:\wampNew\www\Monitoring\protected\controllers\SiteController.php(41): CComponent->__call('layout', Array)
#1 C:\wampNew\www\Monitoring\protected\controllers\SiteController.php(41): SiteController->layout('Autentification...')
#2 C:\wampNew\www\Monitoring\framework\web\actions\CInlineAction.php(49): SiteController->actionAutentification()
#3 C:\wampNew\www\Monitoring\framework\web\CController.php(308): CInlineAction->runWithParams(Array)
#4 C:\wampNew\www\Monitoring\framework\web\CController.php(286): CController->runAction(Object(CInlineAction))
#5 C:\wampNew\www\Monitoring\framework\web\CController.php(265): CController->runActionWithFilters(Object(CInlineAction), Array)
#6 C:\wampNew\www\Monitoring\framework\web\CWebApplication.php(282): CController->run('Autentification')
#7 C:\wampNew\www\Monitoring\framework\web\CWebApplication.php(141): CWebApplication->runController('site/Autentific...')
#8 C:\wampNew\www\Monitoring\framework\base\CApplication.php(180): CWebApplication->processRequest()
#9 C:\wampNew\www\Monitoring\index.php(13): CApplication->run()
#10 {main}
REQUEST_URI=/Monitoring/site/Autentification
---
2013/09/30 08:52:08 [error] [exception.CException] exception 'CException' with message 'Property "SiteController.layouts" is not defined.' in C:\wampNew\www\Monitoring\framework\base\CComponent.php:173
Stack trace:
#0 C:\wampNew\www\Monitoring\protected\controllers\SiteController.php(41): CComponent->__set('layouts', 'Autentification...')
#1 C:\wampNew\www\Monitoring\framework\web\actions\CInlineAction.php(49): SiteController->actionAutentification()
#2 C:\wampNew\www\Monitoring\framework\web\CController.php(308): CInlineAction->runWithParams(Array)
#3 C:\wampNew\www\Monitoring\framework\web\CController.php(286): CController->runAction(Object(CInlineAction))
#4 C:\wampNew\www\Monitoring\framework\web\CController.php(265): CController->runActionWithFilters(Object(CInlineAction), Array)
#5 C:\wampNew\www\Monitoring\framework\web\CWebApplication.php(282): CController->run('Autentification')
#6 C:\wampNew\www\Monitoring\framework\web\CWebApplication.php(141): CWebApplication->runController('site/Autentific...')
#7 C:\wampNew\www\Monitoring\framework\base\CApplication.php(180): CWebApplication->processRequest()
#8 C:\wampNew\www\Monitoring\index.php(13): CApplication->run()
#9 {main}
REQUEST_URI=/Monitoring/site/Autentification
---
2013/09/30 09:00:14 [error] [exception.CException] exception 'CException' with message 'SiteController cannot find the requested view "../Autentification".' in C:\wampNew\www\Monitoring\framework\web\CController.php:878
Stack trace:
#0 C:\wampNew\www\Monitoring\protected\controllers\SiteController.php(42): CController->renderPartial('../Autentificat...', Array)
#1 C:\wampNew\www\Monitoring\framework\web\actions\CInlineAction.php(49): SiteController->actionAutentification()
#2 C:\wampNew\www\Monitoring\framework\web\CController.php(308): CInlineAction->runWithParams(Array)
#3 C:\wampNew\www\Monitoring\framework\web\CController.php(286): CController->runAction(Object(CInlineAction))
#4 C:\wampNew\www\Monitoring\framework\web\CController.php(265): CController->runActionWithFilters(Object(CInlineAction), Array)
#5 C:\wampNew\www\Monitoring\framework\web\CWebApplication.php(282): CController->run('Autentification')
#6 C:\wampNew\www\Monitoring\framework\web\CWebApplication.php(141): CWebApplication->runController('site/Autentific...')
#7 C:\wampNew\www\Monitoring\framework\base\CApplication.php(180): CWebApplication->processRequest()
#8 C:\wampNew\www\Monitoring\index.php(13): CApplication->run()
#9 {main}
REQUEST_URI=/Monitoring/site/Autentification
---
2013/09/30 09:02:07 [error] [exception.CException] exception 'CException' with message 'SiteController cannot find the requested view "../Autentification".' in C:\wampNew\www\Monitoring\framework\web\CController.php:878
Stack trace:
#0 C:\wampNew\www\Monitoring\protected\controllers\SiteController.php(42): CController->renderPartial('../Autentificat...', Array)
#1 C:\wampNew\www\Monitoring\framework\web\actions\CInlineAction.php(49): SiteController->actionAutentification()
#2 C:\wampNew\www\Monitoring\framework\web\CController.php(308): CInlineAction->runWithParams(Array)
#3 C:\wampNew\www\Monitoring\framework\web\CController.php(286): CController->runAction(Object(CInlineAction))
#4 C:\wampNew\www\Monitoring\framework\web\CController.php(265): CController->runActionWithFilters(Object(CInlineAction), Array)
#5 C:\wampNew\www\Monitoring\framework\web\CWebApplication.php(282): CController->run('Autentification')
#6 C:\wampNew\www\Monitoring\framework\web\CWebApplication.php(141): CWebApplication->runController('site/Autentific...')
#7 C:\wampNew\www\Monitoring\framework\base\CApplication.php(180): CWebApplication->processRequest()
#8 C:\wampNew\www\Monitoring\index.php(13): CApplication->run()
#9 {main}
REQUEST_URI=/Monitoring/site/Autentification
---
2013/09/30 09:47:51 [error] [php] mail(): Failed to connect to mailserver at &quot;localhost&quot; port 25, verify your &quot;SMTP&quot; and &quot;smtp_port&quot; setting in php.ini or use ini_set() (C:\wampNew\www\Monitoring\protected\controllers\SiteController.php:77)
Stack trace:
#0 C:\wampNew\www\Monitoring\framework\web\CController.php(308): CInlineAction->runWithParams()
#1 C:\wampNew\www\Monitoring\framework\web\CController.php(286): SiteController->runAction()
#2 C:\wampNew\www\Monitoring\framework\web\CController.php(265): SiteController->runActionWithFilters()
#3 C:\wampNew\www\Monitoring\framework\web\CWebApplication.php(282): SiteController->run()
#4 C:\wampNew\www\Monitoring\framework\web\CWebApplication.php(141): CWebApplication->runController()
#5 C:\wampNew\www\Monitoring\framework\base\CApplication.php(180): CWebApplication->processRequest()
#6 C:\wampNew\www\Monitoring\index.php(13): CWebApplication->run()
REQUEST_URI=/Monitoring/site/contact
in C:\wampNew\www\Monitoring\protected\controllers\SiteController.php (77)
in C:\wampNew\www\Monitoring\index.php (13)
2013/09/30 09:58:26 [error] [php] Use of undefined constant php - assumed 'php' (C:\wampNew\www\Monitoring\themes\bootstrap\views\layouts\main.php:62)
Stack trace:
#0 C:\wampNew\www\Monitoring\framework\web\widgets\CContentDecorator.php(76): SiteController->renderFile()
#1 C:\wampNew\www\Monitoring\framework\web\widgets\CContentDecorator.php(54): CContentDecorator->decorate()
#2 C:\wampNew\www\Monitoring\framework\web\widgets\COutputProcessor.php(44): CContentDecorator->processOutput()
#3 C:\wampNew\www\Monitoring\framework\web\CBaseController.php(206): CContentDecorator->run()
#4 C:\wampNew\www\Monitoring\framework\web\CBaseController.php(300): SiteController->endWidget()
#5 C:\wampNew\www\Monitoring\protected\views\layouts\column1.php(7): SiteController->endContent()
#6 C:\wampNew\www\Monitoring\framework\web\CBaseController.php(126): require()
#7 C:\wampNew\www\Monitoring\framework\web\CBaseController.php(95): SiteController->renderInternal()
#8 C:\wampNew\www\Monitoring\framework\web\CController.php(784): SiteController->renderFile()
#9 C:\wampNew\www\Monitoring\protected\controllers\SiteController.php(82): SiteController->render()
#10 C:\wampNew\www\Monitoring\framework\web\actions\CInlineAction.php(49): SiteController->actionContact()
#11 C:\wampNew\www\Monitoring\framework\web\CController.php(308): CInlineAction->runWithParams()
#12 C:\wampNew\www\Monitoring\framework\web\CController.php(286): SiteController->runAction()
#13 C:\wampNew\www\Monitoring\framework\web\CController.php(265): SiteController->runActionWithFilters()
#14 C:\wampNew\www\Monitoring\framework\web\CWebApplication.php(282): SiteController->run()
#15 C:\wampNew\www\Monitoring\framework\web\CWebApplication.php(141): CWebApplication->runController()
#16 C:\wampNew\www\Monitoring\framework\base\CApplication.php(180): CWebApplication->processRequest()
#17 C:\wampNew\www\Monitoring\index.php(13): CWebApplication->run()
REQUEST_URI=/Monitoring/site/contact
in C:\wampNew\www\Monitoring\themes\bootstrap\views\layouts\main.php (62)
in C:\wampNew\www\Monitoring\protected\views\layouts\column1.php (7)
in C:\wampNew\www\Monitoring\protected\controllers\SiteController.php (82)
2013/09/30 09:58:28 [error] [php] Use of undefined constant php - assumed 'php' (C:\wampNew\www\Monitoring\themes\bootstrap\views\layouts\main.php:62)
Stack trace:
#0 C:\wampNew\www\Monitoring\framework\web\widgets\CContentDecorator.php(76): SiteController->renderFile()
#1 C:\wampNew\www\Monitoring\framework\web\widgets\CContentDecorator.php(54): CContentDecorator->decorate()
#2 C:\wampNew\www\Monitoring\framework\web\widgets\COutputProcessor.php(44): CContentDecorator->processOutput()
#3 C:\wampNew\www\Monitoring\framework\web\CBaseController.php(206): CContentDecorator->run()
#4 C:\wampNew\www\Monitoring\framework\web\CBaseController.php(300): SiteController->endWidget()
#5 C:\wampNew\www\Monitoring\protected\views\layouts\column1.php(7): SiteController->endContent()
#6 C:\wampNew\www\Monitoring\framework\web\CBaseController.php(126): require()
#7 C:\wampNew\www\Monitoring\framework\web\CBaseController.php(95): SiteController->renderInternal()
#8 C:\wampNew\www\Monitoring\framework\web\CController.php(784): SiteController->renderFile()
#9 C:\wampNew\www\Monitoring\protected\controllers\SiteController.php(32): SiteController->render()
#10 C:\wampNew\www\Monitoring\framework\web\actions\CInlineAction.php(49): SiteController->actionIndex()
#11 C:\wampNew\www\Monitoring\framework\web\CController.php(308): CInlineAction->runWithParams()
#12 C:\wampNew\www\Monitoring\framework\web\CController.php(286): SiteController->runAction()
#13 C:\wampNew\www\Monitoring\framework\web\CController.php(265): SiteController->runActionWithFilters()
#14 C:\wampNew\www\Monitoring\framework\web\CWebApplication.php(282): SiteController->run()
#15 C:\wampNew\www\Monitoring\framework\web\CWebApplication.php(141): CWebApplication->runController()
#16 C:\wampNew\www\Monitoring\framework\base\CApplication.php(180): CWebApplication->processRequest()
#17 C:\wampNew\www\Monitoring\index.php(13): CWebApplication->run()
REQUEST_URI=/Monitoring/
in C:\wampNew\www\Monitoring\themes\bootstrap\views\layouts\main.php (62)
in C:\wampNew\www\Monitoring\protected\views\layouts\column1.php (7)
in C:\wampNew\www\Monitoring\protected\controllers\SiteController.php (32)
2013/09/30 09:58:29 [error] [php] Use of undefined constant php - assumed 'php' (C:\wampNew\www\Monitoring\themes\bootstrap\views\layouts\Autentification_main.php:40)
Stack trace:
#0 C:\wampNew\www\Monitoring\framework\web\CController.php(784): SiteController->renderFile()
#1 C:\wampNew\www\Monitoring\protected\controllers\SiteController.php(42): SiteController->render()
#2 C:\wampNew\www\Monitoring\framework\web\actions\CInlineAction.php(49): SiteController->actionAutentification()
#3 C:\wampNew\www\Monitoring\framework\web\CController.php(308): CInlineAction->runWithParams()
#4 C:\wampNew\www\Monitoring\framework\web\CController.php(286): SiteController->runAction()
#5 C:\wampNew\www\Monitoring\framework\web\CController.php(265): SiteController->runActionWithFilters()
#6 C:\wampNew\www\Monitoring\framework\web\CWebApplication.php(282): SiteController->run()
#7 C:\wampNew\www\Monitoring\framework\web\CWebApplication.php(141): CWebApplication->runController()
#8 C:\wampNew\www\Monitoring\framework\base\CApplication.php(180): CWebApplication->processRequest()
#9 C:\wampNew\www\Monitoring\index.php(13): CWebApplication->run()
REQUEST_URI=/Monitoring/site/Autentification
in C:\wampNew\www\Monitoring\themes\bootstrap\views\layouts\Autentification_main.php (40)
in C:\wampNew\www\Monitoring\protected\controllers\SiteController.php (42)
in C:\wampNew\www\Monitoring\index.php (13)
2013/09/30 09:58:30 [error] [php] Use of undefined constant php - assumed 'php' (C:\wampNew\www\Monitoring\themes\bootstrap\views\layouts\Autentification_main.php:40)
Stack trace:
#0 C:\wampNew\www\Monitoring\framework\web\CController.php(784): SiteController->renderFile()
#1 C:\wampNew\www\Monitoring\protected\controllers\SiteController.php(42): SiteController->render()
#2 C:\wampNew\www\Monitoring\framework\web\actions\CInlineAction.php(49): SiteController->actionAutentification()
#3 C:\wampNew\www\Monitoring\framework\web\CController.php(308): CInlineAction->runWithParams()
#4 C:\wampNew\www\Monitoring\framework\web\CController.php(286): SiteController->runAction()
#5 C:\wampNew\www\Monitoring\framework\web\CController.php(265): SiteController->runActionWithFilters()
#6 C:\wampNew\www\Monitoring\framework\web\CWebApplication.php(282): SiteController->run()
#7 C:\wampNew\www\Monitoring\framework\web\CWebApplication.php(141): CWebApplication->runController()
#8 C:\wampNew\www\Monitoring\framework\base\CApplication.php(180): CWebApplication->processRequest()
#9 C:\wampNew\www\Monitoring\index.php(13): CWebApplication->run()
REQUEST_URI=/Monitoring/site/Autentification
in C:\wampNew\www\Monitoring\themes\bootstrap\views\layouts\Autentification_main.php (40)
in C:\wampNew\www\Monitoring\protected\controllers\SiteController.php (42)
in C:\wampNew\www\Monitoring\index.php (13)
2013/09/30 09:58:41 [error] [php] Use of undefined constant php - assumed 'php' (C:\wampNew\www\Monitoring\themes\bootstrap\views\layouts\main.php:62)
Stack trace:
#0 C:\wampNew\www\Monitoring\framework\web\widgets\CContentDecorator.php(76): SiteController->renderFile()
#1 C:\wampNew\www\Monitoring\framework\web\widgets\CContentDecorator.php(54): CContentDecorator->decorate()
#2 C:\wampNew\www\Monitoring\framework\web\widgets\COutputProcessor.php(44): CContentDecorator->processOutput()
#3 C:\wampNew\www\Monitoring\framework\web\CBaseController.php(206): CContentDecorator->run()
#4 C:\wampNew\www\Monitoring\framework\web\CBaseController.php(300): SiteController->endWidget()
#5 C:\wampNew\www\Monitoring\protected\views\layouts\column1.php(7): SiteController->endContent()
#6 C:\wampNew\www\Monitoring\framework\web\CBaseController.php(126): require()
#7 C:\wampNew\www\Monitoring\framework\web\CBaseController.php(95): SiteController->renderInternal()
#8 C:\wampNew\www\Monitoring\framework\web\CController.php(784): SiteController->renderFile()
#9 C:\wampNew\www\Monitoring\protected\controllers\SiteController.php(32): SiteController->render()
#10 C:\wampNew\www\Monitoring\framework\web\actions\CInlineAction.php(49): SiteController->actionIndex()
#11 C:\wampNew\www\Monitoring\framework\web\CController.php(308): CInlineAction->runWithParams()
#12 C:\wampNew\www\Monitoring\framework\web\CController.php(286): SiteController->runAction()
#13 C:\wampNew\www\Monitoring\framework\web\CController.php(265): SiteController->runActionWithFilters()
#14 C:\wampNew\www\Monitoring\framework\web\CWebApplication.php(282): SiteController->run()
#15 C:\wampNew\www\Monitoring\framework\web\CWebApplication.php(141): CWebApplication->runController()
#16 C:\wampNew\www\Monitoring\framework\base\CApplication.php(180): CWebApplication->processRequest()
#17 C:\wampNew\www\Monitoring\index.php(13): CWebApplication->run()
REQUEST_URI=/Monitoring/
in C:\wampNew\www\Monitoring\themes\bootstrap\views\layouts\main.php (62)
in C:\wampNew\www\Monitoring\protected\views\layouts\column1.php (7)
in C:\wampNew\www\Monitoring\protected\controllers\SiteController.php (32)
2013/09/30 09:58:58 [error] [php] Use of undefined constant php - assumed 'php' (C:\wampNew\www\Monitoring\themes\bootstrap\views\layouts\main.php:62)
Stack trace:
#0 C:\wampNew\www\Monitoring\framework\web\widgets\CContentDecorator.php(76): SiteController->renderFile()
#1 C:\wampNew\www\Monitoring\framework\web\widgets\CContentDecorator.php(54): CContentDecorator->decorate()
#2 C:\wampNew\www\Monitoring\framework\web\widgets\COutputProcessor.php(44): CContentDecorator->processOutput()
#3 C:\wampNew\www\Monitoring\framework\web\CBaseController.php(206): CContentDecorator->run()
#4 C:\wampNew\www\Monitoring\framework\web\CBaseController.php(300): SiteController->endWidget()
#5 C:\wampNew\www\Monitoring\protected\views\layouts\column1.php(7): SiteController->endContent()
#6 C:\wampNew\www\Monitoring\framework\web\CBaseController.php(126): require()
#7 C:\wampNew\www\Monitoring\framework\web\CBaseController.php(95): SiteController->renderInternal()
#8 C:\wampNew\www\Monitoring\framework\web\CController.php(784): SiteController->renderFile()
#9 C:\wampNew\www\Monitoring\protected\controllers\SiteController.php(32): SiteController->render()
#10 C:\wampNew\www\Monitoring\framework\web\actions\CInlineAction.php(49): SiteController->actionIndex()
#11 C:\wampNew\www\Monitoring\framework\web\CController.php(308): CInlineAction->runWithParams()
#12 C:\wampNew\www\Monitoring\framework\web\CController.php(286): SiteController->runAction()
#13 C:\wampNew\www\Monitoring\framework\web\CController.php(265): SiteController->runActionWithFilters()
#14 C:\wampNew\www\Monitoring\framework\web\CWebApplication.php(282): SiteController->run()
#15 C:\wampNew\www\Monitoring\framework\web\CWebApplication.php(141): CWebApplication->runController()
#16 C:\wampNew\www\Monitoring\framework\base\CApplication.php(180): CWebApplication->processRequest()
#17 C:\wampNew\www\Monitoring\index.php(13): CWebApplication->run()
REQUEST_URI=/Monitoring/
in C:\wampNew\www\Monitoring\themes\bootstrap\views\layouts\main.php (62)
in C:\wampNew\www\Monitoring\protected\views\layouts\column1.php (7)
in C:\wampNew\www\Monitoring\protected\controllers\SiteController.php (32)
2013/09/30 09:58:59 [error] [php] Use of undefined constant php - assumed 'php' (C:\wampNew\www\Monitoring\themes\bootstrap\views\layouts\main.php:62)
Stack trace:
#0 C:\wampNew\www\Monitoring\framework\web\widgets\CContentDecorator.php(76): SiteController->renderFile()
#1 C:\wampNew\www\Monitoring\framework\web\widgets\CContentDecorator.php(54): CContentDecorator->decorate()
#2 C:\wampNew\www\Monitoring\framework\web\widgets\COutputProcessor.php(44): CContentDecorator->processOutput()
#3 C:\wampNew\www\Monitoring\framework\web\CBaseController.php(206): CContentDecorator->run()
#4 C:\wampNew\www\Monitoring\framework\web\CBaseController.php(300): SiteController->endWidget()
#5 C:\wampNew\www\Monitoring\protected\views\layouts\column1.php(7): SiteController->endContent()
#6 C:\wampNew\www\Monitoring\framework\web\CBaseController.php(126): require()
#7 C:\wampNew\www\Monitoring\framework\web\CBaseController.php(95): SiteController->renderInternal()
#8 C:\wampNew\www\Monitoring\framework\web\CController.php(784): SiteController->renderFile()
#9 C:\wampNew\www\Monitoring\protected\controllers\SiteController.php(32): SiteController->render()
#10 C:\wampNew\www\Monitoring\framework\web\actions\CInlineAction.php(49): SiteController->actionIndex()
#11 C:\wampNew\www\Monitoring\framework\web\CController.php(308): CInlineAction->runWithParams()
#12 C:\wampNew\www\Monitoring\framework\web\CController.php(286): SiteController->runAction()
#13 C:\wampNew\www\Monitoring\framework\web\CController.php(265): SiteController->runActionWithFilters()
#14 C:\wampNew\www\Monitoring\framework\web\CWebApplication.php(282): SiteController->run()
#15 C:\wampNew\www\Monitoring\framework\web\CWebApplication.php(141): CWebApplication->runController()
#16 C:\wampNew\www\Monitoring\framework\base\CApplication.php(180): CWebApplication->processRequest()
#17 C:\wampNew\www\Monitoring\index.php(13): CWebApplication->run()
REQUEST_URI=/Monitoring/
in C:\wampNew\www\Monitoring\themes\bootstrap\views\layouts\main.php (62)
in C:\wampNew\www\Monitoring\protected\views\layouts\column1.php (7)
in C:\wampNew\www\Monitoring\protected\controllers\SiteController.php (32)
2013/09/30 09:58:59 [error] [php] Use of undefined constant php - assumed 'php' (C:\wampNew\www\Monitoring\themes\bootstrap\views\layouts\main.php:62)
Stack trace:
#0 C:\wampNew\www\Monitoring\framework\web\widgets\CContentDecorator.php(76): SiteController->renderFile()
#1 C:\wampNew\www\Monitoring\framework\web\widgets\CContentDecorator.php(54): CContentDecorator->decorate()
#2 C:\wampNew\www\Monitoring\framework\web\widgets\COutputProcessor.php(44): CContentDecorator->processOutput()
#3 C:\wampNew\www\Monitoring\framework\web\CBaseController.php(206): CContentDecorator->run()
#4 C:\wampNew\www\Monitoring\framework\web\CBaseController.php(300): SiteController->endWidget()
#5 C:\wampNew\www\Monitoring\protected\views\layouts\column1.php(7): SiteController->endContent()
#6 C:\wampNew\www\Monitoring\framework\web\CBaseController.php(126): require()
#7 C:\wampNew\www\Monitoring\framework\web\CBaseController.php(95): SiteController->renderInternal()
#8 C:\wampNew\www\Monitoring\framework\web\CController.php(784): SiteController->renderFile()
#9 C:\wampNew\www\Monitoring\protected\controllers\SiteController.php(32): SiteController->render()
#10 C:\wampNew\www\Monitoring\framework\web\actions\CInlineAction.php(49): SiteController->actionIndex()
#11 C:\wampNew\www\Monitoring\framework\web\CController.php(308): CInlineAction->runWithParams()
#12 C:\wampNew\www\Monitoring\framework\web\CController.php(286): SiteController->runAction()
#13 C:\wampNew\www\Monitoring\framework\web\CController.php(265): SiteController->runActionWithFilters()
#14 C:\wampNew\www\Monitoring\framework\web\CWebApplication.php(282): SiteController->run()
#15 C:\wampNew\www\Monitoring\framework\web\CWebApplication.php(141): CWebApplication->runController()
#16 C:\wampNew\www\Monitoring\framework\base\CApplication.php(180): CWebApplication->processRequest()
#17 C:\wampNew\www\Monitoring\index.php(13): CWebApplication->run()
REQUEST_URI=/Monitoring/
in C:\wampNew\www\Monitoring\themes\bootstrap\views\layouts\main.php (62)
in C:\wampNew\www\Monitoring\protected\views\layouts\column1.php (7)
in C:\wampNew\www\Monitoring\protected\controllers\SiteController.php (32)
2013/09/30 09:58:59 [error] [php] Use of undefined constant php - assumed 'php' (C:\wampNew\www\Monitoring\themes\bootstrap\views\layouts\main.php:62)
Stack trace:
#0 C:\wampNew\www\Monitoring\framework\web\widgets\CContentDecorator.php(76): SiteController->renderFile()
#1 C:\wampNew\www\Monitoring\framework\web\widgets\CContentDecorator.php(54): CContentDecorator->decorate()
#2 C:\wampNew\www\Monitoring\framework\web\widgets\COutputProcessor.php(44): CContentDecorator->processOutput()
#3 C:\wampNew\www\Monitoring\framework\web\CBaseController.php(206): CContentDecorator->run()
#4 C:\wampNew\www\Monitoring\framework\web\CBaseController.php(300): SiteController->endWidget()
#5 C:\wampNew\www\Monitoring\protected\views\layouts\column1.php(7): SiteController->endContent()
#6 C:\wampNew\www\Monitoring\framework\web\CBaseController.php(126): require()
#7 C:\wampNew\www\Monitoring\framework\web\CBaseController.php(95): SiteController->renderInternal()
#8 C:\wampNew\www\Monitoring\framework\web\CController.php(784): SiteController->renderFile()
#9 C:\wampNew\www\Monitoring\protected\controllers\SiteController.php(32): SiteController->render()
#10 C:\wampNew\www\Monitoring\framework\web\actions\CInlineAction.php(49): SiteController->actionIndex()
#11 C:\wampNew\www\Monitoring\framework\web\CController.php(308): CInlineAction->runWithParams()
#12 C:\wampNew\www\Monitoring\framework\web\CController.php(286): SiteController->runAction()
#13 C:\wampNew\www\Monitoring\framework\web\CController.php(265): SiteController->runActionWithFilters()
#14 C:\wampNew\www\Monitoring\framework\web\CWebApplication.php(282): SiteController->run()
#15 C:\wampNew\www\Monitoring\framework\web\CWebApplication.php(141): CWebApplication->runController()
#16 C:\wampNew\www\Monitoring\framework\base\CApplication.php(180): CWebApplication->processRequest()
#17 C:\wampNew\www\Monitoring\index.php(13): CWebApplication->run()
REQUEST_URI=/Monitoring/
in C:\wampNew\www\Monitoring\themes\bootstrap\views\layouts\main.php (62)
in C:\wampNew\www\Monitoring\protected\views\layouts\column1.php (7)
in C:\wampNew\www\Monitoring\protected\controllers\SiteController.php (32)
2013/09/30 10:36:05 [error] [php] Use of undefined constant php - assumed 'php' (C:\wampNew\www\Monitoring\themes\bootstrap\views\layouts\Autentification_main.php:40)
Stack trace:
#0 C:\wampNew\www\Monitoring\framework\web\CController.php(784): SiteController->renderFile()
#1 C:\wampNew\www\Monitoring\protected\controllers\SiteController.php(42): SiteController->render()
#2 C:\wampNew\www\Monitoring\framework\web\actions\CInlineAction.php(49): SiteController->actionAutentification()
#3 C:\wampNew\www\Monitoring\framework\web\CController.php(308): CInlineAction->runWithParams()
#4 C:\wampNew\www\Monitoring\framework\web\CController.php(286): SiteController->runAction()
#5 C:\wampNew\www\Monitoring\framework\web\CController.php(265): SiteController->runActionWithFilters()
#6 C:\wampNew\www\Monitoring\framework\web\CWebApplication.php(282): SiteController->run()
#7 C:\wampNew\www\Monitoring\framework\web\CWebApplication.php(141): CWebApplication->runController()
#8 C:\wampNew\www\Monitoring\framework\base\CApplication.php(180): CWebApplication->processRequest()
#9 C:\wampNew\www\Monitoring\index.php(13): CWebApplication->run()
REQUEST_URI=/Monitoring/site/Autentification
in C:\wampNew\www\Monitoring\themes\bootstrap\views\layouts\Autentification_main.php (40)
in C:\wampNew\www\Monitoring\protected\controllers\SiteController.php (42)
in C:\wampNew\www\Monitoring\index.php (13)
2013/09/30 12:54:27 [error] [php] Undefined variable: model (C:\wampNew\www\Monitoring\protected\controllers\SiteController.php:51)
Stack trace:
#0 C:\wampNew\www\Monitoring\framework\web\CController.php(286): SiteController->runAction()
#1 C:\wampNew\www\Monitoring\framework\web\CController.php(265): SiteController->runActionWithFilters()
#2 C:\wampNew\www\Monitoring\framework\web\CWebApplication.php(282): SiteController->run()
#3 C:\wampNew\www\Monitoring\framework\web\CWebApplication.php(141): CWebApplication->runController()
#4 C:\wampNew\www\Monitoring\framework\base\CApplication.php(180): CWebApplication->processRequest()
#5 C:\wampNew\www\Monitoring\index.php(13): CWebApplication->run()
REQUEST_URI=/Monitoring/site/Present
in C:\wampNew\www\Monitoring\protected\controllers\SiteController.php (51)
in C:\wampNew\www\Monitoring\index.php (13)
2013/09/30 12:54:37 [error] [exception.CException] exception 'CException' with message ' SiteController     "Present".' in C:\wampNew\www\Monitoring\framework\web\CController.php:878
Stack trace:
#0 C:\wampNew\www\Monitoring\framework\web\CController.php(782): CController->renderPartial('Present', NULL, true)
#1 C:\wampNew\www\Monitoring\protected\controllers\SiteController.php(51): CController->render('Present')
#2 C:\wampNew\www\Monitoring\framework\web\actions\CInlineAction.php(49): SiteController->actionPresent()
#3 C:\wampNew\www\Monitoring\framework\web\CController.php(308): CInlineAction->runWithParams(Array)
#4 C:\wampNew\www\Monitoring\framework\web\CController.php(286): CController->runAction(Object(CInlineAction))
#5 C:\wampNew\www\Monitoring\framework\web\CController.php(265): CController->runActionWithFilters(Object(CInlineAction), Array)
#6 C:\wampNew\www\Monitoring\framework\web\CWebApplication.php(282): CController->run('Present')
#7 C:\wampNew\www\Monitoring\framework\web\CWebApplication.php(141): CWebApplication->runController('site/Present')
#8 C:\wampNew\www\Monitoring\framework\base\CApplication.php(180): CWebApplication->processRequest()
#9 C:\wampNew\www\Monitoring\index.php(13): CApplication->run()
#10 {main}
REQUEST_URI=/Monitoring/site/Present
---
2013/09/30 12:58:24 [error] [php] Undefined variable: model (C:\wampNew\www\Monitoring\themes\bootstrap\views\site\Present.php:15)
Stack trace:
#0 C:\wampNew\www\Monitoring\framework\web\CController.php(869): SiteController->renderFile()
#1 C:\wampNew\www\Monitoring\framework\web\CController.php(782): SiteController->renderPartial()
#2 C:\wampNew\www\Monitoring\protected\controllers\SiteController.php(51): SiteController->render()
#3 C:\wampNew\www\Monitoring\framework\web\actions\CInlineAction.php(49): SiteController->actionPresent()
#4 C:\wampNew\www\Monitoring\framework\web\CController.php(308): CInlineAction->runWithParams()
#5 C:\wampNew\www\Monitoring\framework\web\CController.php(286): SiteController->runAction()
#6 C:\wampNew\www\Monitoring\framework\web\CController.php(265): SiteController->runActionWithFilters()
#7 C:\wampNew\www\Monitoring\framework\web\CWebApplication.php(282): SiteController->run()
#8 C:\wampNew\www\Monitoring\framework\web\CWebApplication.php(141): CWebApplication->runController()
#9 C:\wampNew\www\Monitoring\framework\base\CApplication.php(180): CWebApplication->processRequest()
#10 C:\wampNew\www\Monitoring\index.php(13): CWebApplication->run()
REQUEST_URI=/Monitoring/site/Present
in C:\wampNew\www\Monitoring\themes\bootstrap\views\site\Present.php (15)
in C:\wampNew\www\Monitoring\protected\controllers\SiteController.php (51)
in C:\wampNew\www\Monitoring\index.php (13)
2013/09/30 12:59:25 [error] [php] Array to string conversion (C:\wampNew\www\Monitoring\framework\web\helpers\CHtml.php:2181)
Stack trace:
#0 C:\wampNew\www\Monitoring\framework\web\helpers\CHtml.php(1432): resolveNameID()
#1 C:\wampNew\www\Monitoring\framework\web\widgets\CActiveForm.php(725): activeTextField()
#2 C:\wampNew\www\Monitoring\protected\extensions\bootstrap\widgets\input\TbInputVertical.php(142): TbActiveForm->textField()
#3 C:\wampNew\www\Monitoring\protected\extensions\bootstrap\widgets\input\TbInput.php(230): TbInputVertical->textField()
#4 C:\wampNew\www\Monitoring\framework\web\CBaseController.php(173): TbInputVertical->run()
#5 C:\wampNew\www\Monitoring\protected\extensions\bootstrap\widgets\TbActiveForm.php(497): SiteController->widget()
#6 C:\wampNew\www\Monitoring\protected\extensions\bootstrap\widgets\TbActiveForm.php(186): TbActiveForm->inputRow()
#7 C:\wampNew\www\Monitoring\themes\bootstrap\views\site\Present.php(23): TbActiveForm->textFieldRow()
#8 C:\wampNew\www\Monitoring\framework\web\CBaseController.php(126): require()
#9 C:\wampNew\www\Monitoring\framework\web\CBaseController.php(95): SiteController->renderInternal()
#10 C:\wampNew\www\Monitoring\framework\web\CController.php(869): SiteController->renderFile()
#11 C:\wampNew\www\Monitoring\framework\web\CController.php(782): SiteController->renderPartial()
#12 C:\wampNew\www\Monitoring\protected\controllers\SiteController.php(51): SiteController->render()
#13 C:\wampNew\www\Monitoring\framework\web\actions\CInlineAction.php(49): SiteController->actionPresent()
#14 C:\wampNew\www\Monitoring\framework\web\CController.php(308): CInlineAction->runWithParams()
#15 C:\wampNew\www\Monitoring\framework\web\CController.php(286): SiteController->runAction()
#16 C:\wampNew\www\Monitoring\framework\web\CController.php(265): SiteController->runActionWithFilters()
#17 C:\wampNew\www\Monitoring\framework\web\CWebApplication.php(282): SiteController->run()
#18 C:\wampNew\www\Monitoring\framework\web\CWebApplication.php(141): CWebApplication->runController()
#19 C:\wampNew\www\Monitoring\framework\base\CApplication.php(180): CWebApplication->processRequest()
#20 C:\wampNew\www\Monitoring\index.php(13): CWebApplication->run()
REQUEST_URI=/Monitoring/site/Present
in C:\wampNew\www\Monitoring\protected\extensions\bootstrap\widgets\input\TbInputVertical.php (142)
in C:\wampNew\www\Monitoring\protected\extensions\bootstrap\widgets\input\TbInput.php (230)
in C:\wampNew\www\Monitoring\protected\extensions\bootstrap\widgets\TbActiveForm.php (497)
2013/09/30 13:01:54 [error] [php] Undefined variable: model (C:\wampNew\www\Monitoring\themes\bootstrap\views\site\Present.php:17)
Stack trace:
#0 C:\wampNew\www\Monitoring\framework\web\CController.php(869): SiteController->renderFile()
#1 C:\wampNew\www\Monitoring\framework\web\CController.php(782): SiteController->renderPartial()
#2 C:\wampNew\www\Monitoring\protected\controllers\SiteController.php(51): SiteController->render()
#3 C:\wampNew\www\Monitoring\framework\web\actions\CInlineAction.php(49): SiteController->actionPresent()
#4 C:\wampNew\www\Monitoring\framework\web\CController.php(308): CInlineAction->runWithParams()
#5 C:\wampNew\www\Monitoring\framework\web\CController.php(286): SiteController->runAction()
#6 C:\wampNew\www\Monitoring\framework\web\CController.php(265): SiteController->runActionWithFilters()
#7 C:\wampNew\www\Monitoring\framework\web\CWebApplication.php(282): SiteController->run()
#8 C:\wampNew\www\Monitoring\framework\web\CWebApplication.php(141): CWebApplication->runController()
#9 C:\wampNew\www\Monitoring\framework\base\CApplication.php(180): CWebApplication->processRequest()
#10 C:\wampNew\www\Monitoring\index.php(13): CWebApplication->run()
REQUEST_URI=/Monitoring/site/Present
in C:\wampNew\www\Monitoring\themes\bootstrap\views\site\Present.php (17)
in C:\wampNew\www\Monitoring\protected\controllers\SiteController.php (51)
in C:\wampNew\www\Monitoring\index.php (13)
2013/09/30 13:02:26 [error] [php] Undefined variable: model (C:\wampNew\www\Monitoring\protected\controllers\SiteController.php:51)
Stack trace:
#0 C:\wampNew\www\Monitoring\framework\web\CController.php(286): SiteController->runAction()
#1 C:\wampNew\www\Monitoring\framework\web\CController.php(265): SiteController->runActionWithFilters()
#2 C:\wampNew\www\Monitoring\framework\web\CWebApplication.php(282): SiteController->run()
#3 C:\wampNew\www\Monitoring\framework\web\CWebApplication.php(141): CWebApplication->runController()
#4 C:\wampNew\www\Monitoring\framework\base\CApplication.php(180): CWebApplication->processRequest()
#5 C:\wampNew\www\Monitoring\index.php(13): CWebApplication->run()
REQUEST_URI=/Monitoring/site/Present
in C:\wampNew\www\Monitoring\protected\controllers\SiteController.php (51)
in C:\wampNew\www\Monitoring\index.php (13)
2013/09/30 13:02:35 [error] [exception.CException] exception 'CException' with message '   "ContactForm.textField".' in C:\wampNew\www\Monitoring\framework\base\CComponent.php:130
Stack trace:
#0 C:\wampNew\www\Monitoring\framework\web\helpers\CHtml.php(2529): CComponent->__get('textField')
#1 C:\wampNew\www\Monitoring\framework\web\helpers\CHtml.php(2252): CHtml::resolveValue(Object(ContactForm), 'textField')
#2 C:\wampNew\www\Monitoring\framework\web\helpers\CHtml.php(1434): CHtml::activeInputField('text', Object(ContactForm), 'textField', Array)
#3 C:\wampNew\www\Monitoring\framework\web\widgets\CActiveForm.php(725): CHtml::activeTextField(Object(ContactForm), 'textField', Array)
#4 C:\wampNew\www\Monitoring\protected\extensions\bootstrap\widgets\input\TbInputVertical.php(142): CActiveForm->textField(Object(ContactForm), 'textField', Array)
#5 C:\wampNew\www\Monitoring\protected\extensions\bootstrap\widgets\input\TbInput.php(230): TbInputVertical->textField()
#6 C:\wampNew\www\Monitoring\framework\web\CBaseController.php(173): TbInput->run()
#7 C:\wampNew\www\Monitoring\protected\extensions\bootstrap\widgets\TbActiveForm.php(497): CBaseController->widget('bootstrap.widge...', Array)
#8 C:\wampNew\www\Monitoring\protected\extensions\bootstrap\widgets\TbActiveForm.php(186): TbActiveForm->inputRow('text', Object(ContactForm), 'textField', NULL, Array)
#9 C:\wampNew\www\Monitoring\themes\bootstrap\views\site\Present.php(17): TbActiveForm->textFieldRow(Object(ContactForm), 'textField', Array)
#10 C:\wampNew\www\Monitoring\framework\web\CBaseController.php(126): require('C:\wampNew\www\...')
#11 C:\wampNew\www\Monitoring\framework\web\CBaseController.php(95): CBaseController->renderInternal('C:\wampNew\www\...', Array, true)
#12 C:\wampNew\www\Monitoring\framework\web\CController.php(869): CBaseController->renderFile('C:\wampNew\www\...', Array, true)
#13 C:\wampNew\www\Monitoring\framework\web\CController.php(782): CController->renderPartial('Present', Array, true)
#14 C:\wampNew\www\Monitoring\protected\controllers\SiteController.php(51): CController->render('Present', Array)
#15 C:\wampNew\www\Monitoring\framework\web\actions\CInlineAction.php(49): SiteController->actionPresent()
#16 C:\wampNew\www\Monitoring\framework\web\CController.php(308): CInlineAction->runWithParams(Array)
#17 C:\wampNew\www\Monitoring\framework\web\CController.php(286): CController->runAction(Object(CInlineAction))
#18 C:\wampNew\www\Monitoring\framework\web\CController.php(265): CController->runActionWithFilters(Object(CInlineAction), Array)
#19 C:\wampNew\www\Monitoring\framework\web\CWebApplication.php(282): CController->run('Present')
#20 C:\wampNew\www\Monitoring\framework\web\CWebApplication.php(141): CWebApplication->runController('site/Present')
#21 C:\wampNew\www\Monitoring\framework\base\CApplication.php(180): CWebApplication->processRequest()
#22 C:\wampNew\www\Monitoring\index.php(13): CApplication->run()
#23 {main}
REQUEST_URI=/Monitoring/site/Present
---
2013/09/30 13:04:53 [error] [exception.CException] exception 'CException' with message '   "ContactForm.checkboxes".' in C:\wampNew\www\Monitoring\framework\base\CComponent.php:130
Stack trace:
#0 C:\wampNew\www\Monitoring\framework\web\helpers\CHtml.php(2529): CComponent->__get('checkboxes')
#1 C:\wampNew\www\Monitoring\protected\extensions\bootstrap\widgets\TbActiveForm.php(274): CHtml::resolveValue(Object(ContactForm), 'checkboxes')
#2 C:\wampNew\www\Monitoring\protected\extensions\bootstrap\widgets\TbActiveForm.php(241): TbActiveForm->inputsList(true, Object(ContactForm), 'checkboxes', Array, Array)
#3 C:\wampNew\www\Monitoring\protected\extensions\bootstrap\widgets\input\TbInputVertical.php(39): TbActiveForm->checkBoxList(Object(ContactForm), 'checkboxes', Array, Array)
#4 C:\wampNew\www\Monitoring\protected\extensions\bootstrap\widgets\input\TbInput.php(193): TbInputVertical->checkBoxList()
#5 C:\wampNew\www\Monitoring\framework\web\CBaseController.php(173): TbInput->run()
#6 C:\wampNew\www\Monitoring\protected\extensions\bootstrap\widgets\TbActiveForm.php(497): CBaseController->widget('bootstrap.widge...', Array)
#7 C:\wampNew\www\Monitoring\protected\extensions\bootstrap\widgets\TbActiveForm.php(86): TbActiveForm->inputRow('checkboxlist', Object(ContactForm), 'checkboxes', Array, Array)
#8 C:\wampNew\www\Monitoring\themes\bootstrap\views\site\Present.php(21): TbActiveForm->checkBoxListRow(Object(ContactForm), 'checkboxes', Array, Array)
#9 C:\wampNew\www\Monitoring\framework\web\CBaseController.php(126): require('C:\wampNew\www\...')
#10 C:\wampNew\www\Monitoring\framework\web\CBaseController.php(95): CBaseController->renderInternal('C:\wampNew\www\...', Array, true)
#11 C:\wampNew\www\Monitoring\framework\web\CController.php(869): CBaseController->renderFile('C:\wampNew\www\...', Array, true)
#12 C:\wampNew\www\Monitoring\framework\web\CController.php(782): CController->renderPartial('Present', Array, true)
#13 C:\wampNew\www\Monitoring\protected\controllers\SiteController.php(51): CController->render('Present', Array)
#14 C:\wampNew\www\Monitoring\framework\web\actions\CInlineAction.php(49): SiteController->actionPresent()
#15 C:\wampNew\www\Monitoring\framework\web\CController.php(308): CInlineAction->runWithParams(Array)
#16 C:\wampNew\www\Monitoring\framework\web\CController.php(286): CController->runAction(Object(CInlineAction))
#17 C:\wampNew\www\Monitoring\framework\web\CController.php(265): CController->runActionWithFilters(Object(CInlineAction), Array)
#18 C:\wampNew\www\Monitoring\framework\web\CWebApplication.php(282): CController->run('Present')
#19 C:\wampNew\www\Monitoring\framework\web\CWebApplication.php(141): CWebApplication->runController('site/Present')
#20 C:\wampNew\www\Monitoring\framework\base\CApplication.php(180): CWebApplication->processRequest()
#21 C:\wampNew\www\Monitoring\index.php(13): CApplication->run()
#22 {main}
REQUEST_URI=/Monitoring/site/Present
---
2013/09/30 13:05:32 [error] [exception.CException] exception 'CException' with message '   "ContactForm.checkboxes".' in C:\wampNew\www\Monitoring\framework\base\CComponent.php:130
Stack trace:
#0 C:\wampNew\www\Monitoring\framework\web\helpers\CHtml.php(2529): CComponent->__get('checkboxes')
#1 C:\wampNew\www\Monitoring\protected\extensions\bootstrap\widgets\TbActiveForm.php(274): CHtml::resolveValue(Object(ContactForm), 'checkboxes')
#2 C:\wampNew\www\Monitoring\protected\extensions\bootstrap\widgets\TbActiveForm.php(241): TbActiveForm->inputsList(true, Object(ContactForm), 'checkboxes', Array, Array)
#3 C:\wampNew\www\Monitoring\protected\extensions\bootstrap\widgets\input\TbInputVertical.php(39): TbActiveForm->checkBoxList(Object(ContactForm), 'checkboxes', Array, Array)
#4 C:\wampNew\www\Monitoring\protected\extensions\bootstrap\widgets\input\TbInput.php(193): TbInputVertical->checkBoxList()
#5 C:\wampNew\www\Monitoring\framework\web\CBaseController.php(173): TbInput->run()
#6 C:\wampNew\www\Monitoring\protected\extensions\bootstrap\widgets\TbActiveForm.php(497): CBaseController->widget('bootstrap.widge...', Array)
#7 C:\wampNew\www\Monitoring\protected\extensions\bootstrap\widgets\TbActiveForm.php(86): TbActiveForm->inputRow('checkboxlist', Object(ContactForm), 'checkboxes', Array, Array)
#8 C:\wampNew\www\Monitoring\themes\bootstrap\views\site\Present.php(21): TbActiveForm->checkBoxListRow(Object(ContactForm), 'checkboxes', Array, Array)
#9 C:\wampNew\www\Monitoring\framework\web\CBaseController.php(126): require('C:\wampNew\www\...')
#10 C:\wampNew\www\Monitoring\framework\web\CBaseController.php(95): CBaseController->renderInternal('C:\wampNew\www\...', Array, true)
#11 C:\wampNew\www\Monitoring\framework\web\CController.php(869): CBaseController->renderFile('C:\wampNew\www\...', Array, true)
#12 C:\wampNew\www\Monitoring\framework\web\CController.php(782): CController->renderPartial('Present', Array, true)
#13 C:\wampNew\www\Monitoring\protected\controllers\SiteController.php(51): CController->render('Present', Array)
#14 C:\wampNew\www\Monitoring\framework\web\actions\CInlineAction.php(49): SiteController->actionPresent()
#15 C:\wampNew\www\Monitoring\framework\web\CController.php(308): CInlineAction->runWithParams(Array)
#16 C:\wampNew\www\Monitoring\framework\web\CController.php(286): CController->runAction(Object(CInlineAction))
#17 C:\wampNew\www\Monitoring\framework\web\CController.php(265): CController->runActionWithFilters(Object(CInlineAction), Array)
#18 C:\wampNew\www\Monitoring\framework\web\CWebApplication.php(282): CController->run('Present')
#19 C:\wampNew\www\Monitoring\framework\web\CWebApplication.php(141): CWebApplication->runController('site/Present')
#20 C:\wampNew\www\Monitoring\framework\base\CApplication.php(180): CWebApplication->processRequest()
#21 C:\wampNew\www\Monitoring\index.php(13): CApplication->run()
#22 {main}
REQUEST_URI=/Monitoring/site/Present
---
2013/09/30 13:05:50 [error] [exception.CException] exception 'CException' with message '   "ContactForm.checkboxes".' in C:\wampNew\www\Monitoring\framework\base\CComponent.php:130
Stack trace:
#0 C:\wampNew\www\Monitoring\framework\web\helpers\CHtml.php(2529): CComponent->__get('checkboxes')
#1 C:\wampNew\www\Monitoring\protected\extensions\bootstrap\widgets\TbActiveForm.php(274): CHtml::resolveValue(Object(ContactForm), 'checkboxes')
#2 C:\wampNew\www\Monitoring\protected\extensions\bootstrap\widgets\TbActiveForm.php(241): TbActiveForm->inputsList(true, Object(ContactForm), 'checkboxes', Array, Array)
#3 C:\wampNew\www\Monitoring\protected\extensions\bootstrap\widgets\input\TbInputVertical.php(39): TbActiveForm->checkBoxList(Object(ContactForm), 'checkboxes', Array, Array)
#4 C:\wampNew\www\Monitoring\protected\extensions\bootstrap\widgets\input\TbInput.php(193): TbInputVertical->checkBoxList()
#5 C:\wampNew\www\Monitoring\framework\web\CBaseController.php(173): TbInput->run()
#6 C:\wampNew\www\Monitoring\protected\extensions\bootstrap\widgets\TbActiveForm.php(497): CBaseController->widget('bootstrap.widge...', Array)
#7 C:\wampNew\www\Monitoring\protected\extensions\bootstrap\widgets\TbActiveForm.php(86): TbActiveForm->inputRow('checkboxlist', Object(ContactForm), 'checkboxes', Array, Array)
#8 C:\wampNew\www\Monitoring\themes\bootstrap\views\site\Present.php(21): TbActiveForm->checkBoxListRow(Object(ContactForm), 'checkboxes', Array, Array)
#9 C:\wampNew\www\Monitoring\framework\web\CBaseController.php(126): require('C:\wampNew\www\...')
#10 C:\wampNew\www\Monitoring\framework\web\CBaseController.php(95): CBaseController->renderInternal('C:\wampNew\www\...', Array, true)
#11 C:\wampNew\www\Monitoring\framework\web\CController.php(869): CBaseController->renderFile('C:\wampNew\www\...', Array, true)
#12 C:\wampNew\www\Monitoring\framework\web\CController.php(782): CController->renderPartial('Present', Array, true)
#13 C:\wampNew\www\Monitoring\protected\controllers\SiteController.php(51): CController->render('Present', Array)
#14 C:\wampNew\www\Monitoring\framework\web\actions\CInlineAction.php(49): SiteController->actionPresent()
#15 C:\wampNew\www\Monitoring\framework\web\CController.php(308): CInlineAction->runWithParams(Array)
#16 C:\wampNew\www\Monitoring\framework\web\CController.php(286): CController->runAction(Object(CInlineAction))
#17 C:\wampNew\www\Monitoring\framework\web\CController.php(265): CController->runActionWithFilters(Object(CInlineAction), Array)
#18 C:\wampNew\www\Monitoring\framework\web\CWebApplication.php(282): CController->run('Present')
#19 C:\wampNew\www\Monitoring\framework\web\CWebApplication.php(141): CWebApplication->runController('site/Present')
#20 C:\wampNew\www\Monitoring\framework\base\CApplication.php(180): CWebApplication->processRequest()
#21 C:\wampNew\www\Monitoring\index.php(13): CApplication->run()
#22 {main}
REQUEST_URI=/Monitoring/site/Present
---
2013/09/30 13:07:05 [error] [php] include(BootActiveForm.php): failed to open stream: No such file or directory (C:\wampNew\www\Monitoring\framework\YiiBase.php:427)
Stack trace:
#0 C:\wampNew\www\Monitoring\themes\bootstrap\views\site\Present.php(11): spl_autoload_call()
#1 C:\wampNew\www\Monitoring\framework\web\CBaseController.php(126): require()
#2 C:\wampNew\www\Monitoring\framework\web\CBaseController.php(95): SiteController->renderInternal()
#3 C:\wampNew\www\Monitoring\framework\web\CController.php(869): SiteController->renderFile()
#4 C:\wampNew\www\Monitoring\framework\web\CController.php(782): SiteController->renderPartial()
#5 C:\wampNew\www\Monitoring\protected\controllers\SiteController.php(51): SiteController->render()
#6 C:\wampNew\www\Monitoring\framework\web\actions\CInlineAction.php(49): SiteController->actionPresent()
#7 C:\wampNew\www\Monitoring\framework\web\CController.php(308): CInlineAction->runWithParams()
#8 C:\wampNew\www\Monitoring\framework\web\CController.php(286): SiteController->runAction()
#9 C:\wampNew\www\Monitoring\framework\web\CController.php(265): SiteController->runActionWithFilters()
#10 C:\wampNew\www\Monitoring\framework\web\CWebApplication.php(282): SiteController->run()
#11 C:\wampNew\www\Monitoring\framework\web\CWebApplication.php(141): CWebApplication->runController()
#12 C:\wampNew\www\Monitoring\framework\base\CApplication.php(180): CWebApplication->processRequest()
#13 C:\wampNew\www\Monitoring\index.php(13): CWebApplication->run()
REQUEST_URI=/Monitoring/site/Present
in C:\wampNew\www\Monitoring\themes\bootstrap\views\site\Present.php (11)
in C:\wampNew\www\Monitoring\protected\controllers\SiteController.php (51)
in C:\wampNew\www\Monitoring\index.php (13)
2013/09/30 13:08:24 [error] [exception.CException] exception 'CException' with message '   "ContactForm.checkboxes".' in C:\wampNew\www\Monitoring\framework\base\CComponent.php:130
Stack trace:
#0 C:\wampNew\www\Monitoring\framework\web\helpers\CHtml.php(2529): CComponent->__get('checkboxes')
#1 C:\wampNew\www\Monitoring\protected\extensions\bootstrap\widgets\TbActiveForm.php(274): CHtml::resolveValue(Object(ContactForm), 'checkboxes')
#2 C:\wampNew\www\Monitoring\protected\extensions\bootstrap\widgets\TbActiveForm.php(241): TbActiveForm->inputsList(true, Object(ContactForm), 'checkboxes', Array, Array)
#3 C:\wampNew\www\Monitoring\protected\extensions\bootstrap\widgets\input\TbInputVertical.php(39): TbActiveForm->checkBoxList(Object(ContactForm), 'checkboxes', Array, Array)
#4 C:\wampNew\www\Monitoring\protected\extensions\bootstrap\widgets\input\TbInput.php(193): TbInputVertical->checkBoxList()
#5 C:\wampNew\www\Monitoring\framework\web\CBaseController.php(173): TbInput->run()
#6 C:\wampNew\www\Monitoring\protected\extensions\bootstrap\widgets\TbActiveForm.php(497): CBaseController->widget('bootstrap.widge...', Array)
#7 C:\wampNew\www\Monitoring\protected\extensions\bootstrap\widgets\TbActiveForm.php(86): TbActiveForm->inputRow('checkboxlist', Object(ContactForm), 'checkboxes', Array, Array)
#8 C:\wampNew\www\Monitoring\themes\bootstrap\views\site\Present.php(21): TbActiveForm->checkBoxListRow(Object(ContactForm), 'checkboxes', Array, Array)
#9 C:\wampNew\www\Monitoring\framework\web\CBaseController.php(126): require('C:\wampNew\www\...')
#10 C:\wampNew\www\Monitoring\framework\web\CBaseController.php(95): CBaseController->renderInternal('C:\wampNew\www\...', Array, true)
#11 C:\wampNew\www\Monitoring\framework\web\CController.php(869): CBaseController->renderFile('C:\wampNew\www\...', Array, true)
#12 C:\wampNew\www\Monitoring\framework\web\CController.php(782): CController->renderPartial('Present', Array, true)
#13 C:\wampNew\www\Monitoring\protected\controllers\SiteController.php(51): CController->render('Present', Array)
#14 C:\wampNew\www\Monitoring\framework\web\actions\CInlineAction.php(49): SiteController->actionPresent()
#15 C:\wampNew\www\Monitoring\framework\web\CController.php(308): CInlineAction->runWithParams(Array)
#16 C:\wampNew\www\Monitoring\framework\web\CController.php(286): CController->runAction(Object(CInlineAction))
#17 C:\wampNew\www\Monitoring\framework\web\CController.php(265): CController->runActionWithFilters(Object(CInlineAction), Array)
#18 C:\wampNew\www\Monitoring\framework\web\CWebApplication.php(282): CController->run('Present')
#19 C:\wampNew\www\Monitoring\framework\web\CWebApplication.php(141): CWebApplication->runController('site/Present')
#20 C:\wampNew\www\Monitoring\framework\base\CApplication.php(180): CWebApplication->processRequest()
#21 C:\wampNew\www\Monitoring\index.php(13): CApplication->run()
#22 {main}
REQUEST_URI=/Monitoring/site/Present
---
2013/09/30 13:09:11 [error] [php] include(Bootstrap.php): failed to open stream: No such file or directory (C:\wampNew\www\Monitoring\framework\YiiBase.php:427)
Stack trace:
#0 C:\wampNew\www\Monitoring\protected\controllers\SiteController.php(47): spl_autoload_call()
#1 C:\wampNew\www\Monitoring\framework\web\actions\CInlineAction.php(49): SiteController->actionPresent()
#2 C:\wampNew\www\Monitoring\framework\web\CController.php(308): CInlineAction->runWithParams()
#3 C:\wampNew\www\Monitoring\framework\web\CController.php(286): SiteController->runAction()
#4 C:\wampNew\www\Monitoring\framework\web\CController.php(265): SiteController->runActionWithFilters()
#5 C:\wampNew\www\Monitoring\framework\web\CWebApplication.php(282): SiteController->run()
#6 C:\wampNew\www\Monitoring\framework\web\CWebApplication.php(141): CWebApplication->runController()
#7 C:\wampNew\www\Monitoring\framework\base\CApplication.php(180): CWebApplication->processRequest()
#8 C:\wampNew\www\Monitoring\index.php(13): CWebApplication->run()
REQUEST_URI=/Monitoring/site/Present
in C:\wampNew\www\Monitoring\protected\controllers\SiteController.php (47)
in C:\wampNew\www\Monitoring\index.php (13)
2013/09/30 13:12:41 [error] [php] include(Bootstrap.php): failed to open stream: No such file or directory (C:\wampNew\www\Monitoring\framework\YiiBase.php:427)
Stack trace:
#0 C:\wampNew\www\Monitoring\protected\controllers\SiteController.php(47): spl_autoload_call()
#1 C:\wampNew\www\Monitoring\framework\web\actions\CInlineAction.php(49): SiteController->actionPresent()
#2 C:\wampNew\www\Monitoring\framework\web\CController.php(308): CInlineAction->runWithParams()
#3 C:\wampNew\www\Monitoring\framework\web\CController.php(286): SiteController->runAction()
#4 C:\wampNew\www\Monitoring\framework\web\CController.php(265): SiteController->runActionWithFilters()
#5 C:\wampNew\www\Monitoring\framework\web\CWebApplication.php(282): SiteController->run()
#6 C:\wampNew\www\Monitoring\framework\web\CWebApplication.php(141): CWebApplication->runController()
#7 C:\wampNew\www\Monitoring\framework\base\CApplication.php(180): CWebApplication->processRequest()
#8 C:\wampNew\www\Monitoring\index.php(13): CWebApplication->run()
REQUEST_URI=/Monitoring/site/Present
in C:\wampNew\www\Monitoring\protected\controllers\SiteController.php (47)
in C:\wampNew\www\Monitoring\index.php (13)
2013/09/30 13:12:42 [error] [php] include(Bootstrap.php): failed to open stream: No such file or directory (C:\wampNew\www\Monitoring\framework\YiiBase.php:427)
Stack trace:
#0 C:\wampNew\www\Monitoring\protected\controllers\SiteController.php(47): spl_autoload_call()
#1 C:\wampNew\www\Monitoring\framework\web\actions\CInlineAction.php(49): SiteController->actionPresent()
#2 C:\wampNew\www\Monitoring\framework\web\CController.php(308): CInlineAction->runWithParams()
#3 C:\wampNew\www\Monitoring\framework\web\CController.php(286): SiteController->runAction()
#4 C:\wampNew\www\Monitoring\framework\web\CController.php(265): SiteController->runActionWithFilters()
#5 C:\wampNew\www\Monitoring\framework\web\CWebApplication.php(282): SiteController->run()
#6 C:\wampNew\www\Monitoring\framework\web\CWebApplication.php(141): CWebApplication->runController()
#7 C:\wampNew\www\Monitoring\framework\base\CApplication.php(180): CWebApplication->processRequest()
#8 C:\wampNew\www\Monitoring\index.php(13): CWebApplication->run()
REQUEST_URI=/Monitoring/site/Present
in C:\wampNew\www\Monitoring\protected\controllers\SiteController.php (47)
in C:\wampNew\www\Monitoring\index.php (13)
2013/09/30 13:12:42 [error] [php] include(Bootstrap.php): failed to open stream: No such file or directory (C:\wampNew\www\Monitoring\framework\YiiBase.php:427)
Stack trace:
#0 C:\wampNew\www\Monitoring\protected\controllers\SiteController.php(47): spl_autoload_call()
#1 C:\wampNew\www\Monitoring\framework\web\actions\CInlineAction.php(49): SiteController->actionPresent()
#2 C:\wampNew\www\Monitoring\framework\web\CController.php(308): CInlineAction->runWithParams()
#3 C:\wampNew\www\Monitoring\framework\web\CController.php(286): SiteController->runAction()
#4 C:\wampNew\www\Monitoring\framework\web\CController.php(265): SiteController->runActionWithFilters()
#5 C:\wampNew\www\Monitoring\framework\web\CWebApplication.php(282): SiteController->run()
#6 C:\wampNew\www\Monitoring\framework\web\CWebApplication.php(141): CWebApplication->runController()
#7 C:\wampNew\www\Monitoring\framework\base\CApplication.php(180): CWebApplication->processRequest()
#8 C:\wampNew\www\Monitoring\index.php(13): CWebApplication->run()
REQUEST_URI=/Monitoring/site/Present
in C:\wampNew\www\Monitoring\protected\controllers\SiteController.php (47)
in C:\wampNew\www\Monitoring\index.php (13)
2013/09/30 13:12:42 [error] [php] include(Bootstrap.php): failed to open stream: No such file or directory (C:\wampNew\www\Monitoring\framework\YiiBase.php:427)
Stack trace:
#0 C:\wampNew\www\Monitoring\protected\controllers\SiteController.php(47): spl_autoload_call()
#1 C:\wampNew\www\Monitoring\framework\web\actions\CInlineAction.php(49): SiteController->actionPresent()
#2 C:\wampNew\www\Monitoring\framework\web\CController.php(308): CInlineAction->runWithParams()
#3 C:\wampNew\www\Monitoring\framework\web\CController.php(286): SiteController->runAction()
#4 C:\wampNew\www\Monitoring\framework\web\CController.php(265): SiteController->runActionWithFilters()
#5 C:\wampNew\www\Monitoring\framework\web\CWebApplication.php(282): SiteController->run()
#6 C:\wampNew\www\Monitoring\framework\web\CWebApplication.php(141): CWebApplication->runController()
#7 C:\wampNew\www\Monitoring\framework\base\CApplication.php(180): CWebApplication->processRequest()
#8 C:\wampNew\www\Monitoring\index.php(13): CWebApplication->run()
REQUEST_URI=/Monitoring/site/Present
in C:\wampNew\www\Monitoring\protected\controllers\SiteController.php (47)
in C:\wampNew\www\Monitoring\index.php (13)
2013/09/30 13:12:43 [error] [php] include(Bootstrap.php): failed to open stream: No such file or directory (C:\wampNew\www\Monitoring\framework\YiiBase.php:427)
Stack trace:
#0 C:\wampNew\www\Monitoring\protected\controllers\SiteController.php(47): spl_autoload_call()
#1 C:\wampNew\www\Monitoring\framework\web\actions\CInlineAction.php(49): SiteController->actionPresent()
#2 C:\wampNew\www\Monitoring\framework\web\CController.php(308): CInlineAction->runWithParams()
#3 C:\wampNew\www\Monitoring\framework\web\CController.php(286): SiteController->runAction()
#4 C:\wampNew\www\Monitoring\framework\web\CController.php(265): SiteController->runActionWithFilters()
#5 C:\wampNew\www\Monitoring\framework\web\CWebApplication.php(282): SiteController->run()
#6 C:\wampNew\www\Monitoring\framework\web\CWebApplication.php(141): CWebApplication->runController()
#7 C:\wampNew\www\Monitoring\framework\base\CApplication.php(180): CWebApplication->processRequest()
#8 C:\wampNew\www\Monitoring\index.php(13): CWebApplication->run()
REQUEST_URI=/Monitoring/site/Present
in C:\wampNew\www\Monitoring\protected\controllers\SiteController.php (47)
in C:\wampNew\www\Monitoring\index.php (13)
2013/09/30 13:12:43 [error] [php] include(Bootstrap.php): failed to open stream: No such file or directory (C:\wampNew\www\Monitoring\framework\YiiBase.php:427)
Stack trace:
#0 C:\wampNew\www\Monitoring\protected\controllers\SiteController.php(47): spl_autoload_call()
#1 C:\wampNew\www\Monitoring\framework\web\actions\CInlineAction.php(49): SiteController->actionPresent()
#2 C:\wampNew\www\Monitoring\framework\web\CController.php(308): CInlineAction->runWithParams()
#3 C:\wampNew\www\Monitoring\framework\web\CController.php(286): SiteController->runAction()
#4 C:\wampNew\www\Monitoring\framework\web\CController.php(265): SiteController->runActionWithFilters()
#5 C:\wampNew\www\Monitoring\framework\web\CWebApplication.php(282): SiteController->run()
#6 C:\wampNew\www\Monitoring\framework\web\CWebApplication.php(141): CWebApplication->runController()
#7 C:\wampNew\www\Monitoring\framework\base\CApplication.php(180): CWebApplication->processRequest()
#8 C:\wampNew\www\Monitoring\index.php(13): CWebApplication->run()
REQUEST_URI=/Monitoring/site/Present
in C:\wampNew\www\Monitoring\protected\controllers\SiteController.php (47)
in C:\wampNew\www\Monitoring\index.php (13)
2013/09/30 13:27:05 [error] [exception.CException] exception 'CException' with message '   "ContactForm.checkboxes".' in C:\wampNew\www\Monitoring\framework\base\CComponent.php:130
Stack trace:
#0 C:\wampNew\www\Monitoring\framework\web\helpers\CHtml.php(2529): CComponent->__get('checkboxes')
#1 C:\wampNew\www\Monitoring\protected\extensions\bootstrap\widgets\TbActiveForm.php(274): CHtml::resolveValue(Object(ContactForm), 'checkboxes')
#2 C:\wampNew\www\Monitoring\protected\extensions\bootstrap\widgets\TbActiveForm.php(241): TbActiveForm->inputsList(true, Object(ContactForm), 'checkboxes', Array, Array)
#3 C:\wampNew\www\Monitoring\protected\extensions\bootstrap\widgets\input\TbInputVertical.php(39): TbActiveForm->checkBoxList(Object(ContactForm), 'checkboxes', Array, Array)
#4 C:\wampNew\www\Monitoring\protected\extensions\bootstrap\widgets\input\TbInput.php(193): TbInputVertical->checkBoxList()
#5 C:\wampNew\www\Monitoring\framework\web\CBaseController.php(173): TbInput->run()
#6 C:\wampNew\www\Monitoring\protected\extensions\bootstrap\widgets\TbActiveForm.php(497): CBaseController->widget('bootstrap.widge...', Array)
#7 C:\wampNew\www\Monitoring\protected\extensions\bootstrap\widgets\TbActiveForm.php(86): TbActiveForm->inputRow('checkboxlist', Object(ContactForm), 'checkboxes', Array, Array)
#8 C:\wampNew\www\Monitoring\themes\bootstrap\views\site\Present.php(28): TbActiveForm->checkBoxListRow(Object(ContactForm), 'checkboxes', Array)
#9 C:\wampNew\www\Monitoring\framework\web\CBaseController.php(126): require('C:\wampNew\www\...')
#10 C:\wampNew\www\Monitoring\framework\web\CBaseController.php(95): CBaseController->renderInternal('C:\wampNew\www\...', Array, true)
#11 C:\wampNew\www\Monitoring\framework\web\CController.php(869): CBaseController->renderFile('C:\wampNew\www\...', Array, true)
#12 C:\wampNew\www\Monitoring\framework\web\CController.php(782): CController->renderPartial('Present', Array, true)
#13 C:\wampNew\www\Monitoring\protected\controllers\SiteController.php(51): CController->render('Present', Array)
#14 C:\wampNew\www\Monitoring\framework\web\actions\CInlineAction.php(49): SiteController->actionPresent()
#15 C:\wampNew\www\Monitoring\framework\web\CController.php(308): CInlineAction->runWithParams(Array)
#16 C:\wampNew\www\Monitoring\framework\web\CController.php(286): CController->runAction(Object(CInlineAction))
#17 C:\wampNew\www\Monitoring\framework\web\CController.php(265): CController->runActionWithFilters(Object(CInlineAction), Array)
#18 C:\wampNew\www\Monitoring\framework\web\CWebApplication.php(282): CController->run('Present')
#19 C:\wampNew\www\Monitoring\framework\web\CWebApplication.php(141): CWebApplication->runController('site/Present')
#20 C:\wampNew\www\Monitoring\framework\base\CApplication.php(180): CWebApplication->processRequest()
#21 C:\wampNew\www\Monitoring\index.php(13): CApplication->run()
#22 {main}
REQUEST_URI=/Monitoring/site/Present
---
